

                            [38;2;26;43;21m▄[38;2;58;91;50m▄[48;2;116;117;116m[38;2;68;119;56m▄[48;2;98;98;98m[38;2;86;143;70m▄[48;2;98;98;98m[38;2;100;153;87m▄[48;2;63;65;63m[38;2;102;164;86m▄[48;2;46;49;44m[38;2;98;168;79m▄[48;2;43;45;43m[38;2;91;155;75m▄[48;2;61;62;61m[38;2;78;137;63m▄[48;2;102;101;102m[38;2;64;112;52m▄[0m[38;2;38;67;32m▄[38;2;20;35;16m▄[38;2;10;20;8m▄[38;2;15;21;13m▄[0m
                    [38;2;49;80;41m▄[38;2;73;133;59m▄[48;2;20;21;20m[38;2;91;163;72m▄[48;2;14;27;12m[38;2;96;174;76m▄[48;2;51;92;41m[38;2;98;177;78m▄[48;2;86;155;68m[38;2;98;177;78m▄[48;2;96;173;77m[38;2;98;177;78m▄[48;2;98;177;78m [48;2;98;177;78m [48;2;98;177;78m [48;2;98;177;78m [48;2;98;177;78m [48;2;98;177;78m [48;2;98;177;78m [48;2;98;177;78m [48;2;98;177;78m [48;2;98;177;78m [48;2;98;177;78m [48;2;98;177;78m [48;2;98;177;78m [48;2;98;178;78m[38;2;98;177;78m▄[48;2;97;175;76m[38;2;98;177;78m▄[48;2;93;168;74m[38;2;98;177;78m▄[48;2;99;163;83m[38;2;97;177;77m▄[48;2;99;151;86m[38;2;98;177;78m▄[48;2;35;57;29m[38;2;98;176;78m▄[48;2;19;21;19m[38;2;94;169;75m▄[0m[38;2;70;125;56m▄[0m
             [38;2;42;65;36m▄[38;2;62;106;52m▄[48;2;94;95;94m[38;2;86;152;70m▄[48;2;57;72;53m[38;2;96;174;77m▄[48;2;57;96;47m[38;2;98;177;78m▄[48;2;78;136;62m[38;2;98;177;78m▄[48;2;95;167;76m[38;2;98;177;78m▄[48;2;98;177;78m [48;2;98;177;78m [48;2;98;177;78m [48;2;98;177;78m [48;2;98;177;78m [48;2;98;177;78m [48;2;98;177;78m[38;2;98;176;77m▄[48;2;98;177;78m[38;2;91;165;72m▄[48;2;98;177;78m[38;2;76;137;60m▄[48;2;98;177;78m[38;2;54;97;42m▄[48;2;99;179;79m[38;2;39;71;30m▄[48;2;100;181;79m[38;2;35;60;30m▄[48;2;101;181;81m[38;2;42;66;37m▄[48;2;100;177;80m[38;2;52;73;45m▄[48;2;95;175;76m[38;2;47;75;40m▄[48;2;94;178;73m[38;2;41;75;33m▄[48;2;98;179;78m[38;2;42;73;34m▄[48;2;99;180;79m[38;2;40;70;33m▄[48;2;99;179;78m[38;2;44;75;36m▄[48;2;97;177;77m[38;2;55;93;46m▄[48;2;97;176;77m[38;2;65;113;52m▄[48;2;98;177;78m[38;2;79;141;63m▄[48;2;98;177;78m[38;2;93;166;75m▄[48;2;98;177;78m[38;2;99;177;79m▄[48;2;98;177;78m[38;2;97;177;78m▄[48;2;98;177;78m[38;2;97;177;78m▄[48;2;98;177;78m [48;2;98;177;78m [48;2;94;170;75m[38;2;98;177;78m▄[48;2;71;128;56m[38;2;98;177;78m▄[48;2;34;56;28m[38;2;97;175;77m▄[48;2;64;66;64m[38;2;78;140;62m▄[0m
         [48;2;66;112;54m[38;2;98;177;78m▄[48;2;80;133;66m[38;2;98;177;78m▄[48;2;95;162;76m[38;2;98;177;78m▄[48;2;96;171;76m[38;2;98;177;78m▄[48;2;98;177;78m [48;2;98;177;78m [48;2;98;177;78m [48;2;98;177;78m [48;2;98;177;78m [48;2;98;177;78m[38;2;98;176;78m▄[48;2;98;177;78m [48;2;98;177;78m[38;2;97;176;77m▄[48;2;98;177;78m[38;2;96;174;76m▄[48;2;98;177;78m[38;2;74;130;59m▄[48;2;98;176;78m[38;2;32;49;27m▄[48;2;95;166;76m[38;2;18;29;15m▄[48;2;73;126;59m[38;2;65;113;53m▄[48;2;40;62;34m[38;2;107;209;83m▄[48;2;23;43;19m[38;2;77;220;42m▄[48;2;32;72;22m[38;2;72;218;36m▄[48;2;55;155;30m[38;2;73;217;37m▄[48;2;71;203;38m[38;2;73;217;37m▄[48;2;79;212;46m[38;2;73;218;37m▄[48;2;81;216;48m[38;2;73;218;37m▄[48;2;82;220;48m[38;2;73;218;37m▄[48;2;79;221;44m[38;2;73;218;37m▄[48;2;76;219;40m[38;2;73;218;37m▄[48;2;76;218;40m[38;2;73;218;37m▄[48;2;75;213;41m[38;2;73;218;37m▄[48;2;79;203;48m[38;2;73;218;37m▄[48;2;76;175;52m[38;2;73;218;37m▄[48;2;52;127;33m[38;2;73;218;37m▄[48;2;29;75;18m[38;2;73;217;37m▄[48;2;19;45;12m[38;2;73;218;36m▄[48;2;45;74;38m[38;2;65;196;33m▄[48;2;76;127;62m[38;2;44;132;24m▄[48;2;90;158;72m[38;2;16;45;10m▄[48;2;97;175;77m[38;2;28;50;22m▄[48;2;98;177;78m[38;2;80;145;64m▄[48;2;98;177;78m[38;2;97;175;77m▄[48;2;98;177;78m[38;2;97;176;77m▄[48;2;98;177;78m [48;2;98;177;78m[38;2;98;176;78m▄[48;2;98;177;78m[38;2;98;177;77m▄[48;2;97;173;78m[38;2;98;177;78m▄[48;2;69;114;56m[38;2;98;177;78m▄[48;2;30;38;28m[38;2;103;179;83m▄[0m[38;2;99;149;87m▄[0m
         [48;2;98;177;78m[38;2;98;177;77m▄[48;2;98;177;78m [48;2;98;177;78m [48;2;98;177;78m [48;2;98;177;78m [48;2;98;177;78m[38;2;98;178;78m▄[48;2;98;177;78m[38;2;98;178;78m▄[48;2;98;177;78m[38;2;83;150;66m▄[48;2;98;177;78m[38;2;44;80;34m▄[48;2;99;179;78m[38;2;33;49;28m▄[48;2;87;159;69m[38;2;68;97;61m▄[48;2;46;84;37m[38;2;87;165;68m▄[48;2;25;37;21m[38;2;83;208;52m▄[48;2;59;131;42m[38;2;73;219;37m▄[48;2;74;199;43m[38;2;74;223;37m▄[48;2;72;213;38m[38;2;67;204;35m▄[48;2;73;218;37m[38;2;55;171;29m▄[48;2;72;218;36m[38;2;59;136;22m▄[48;2;72;218;36m[38;2;103;132;15m▄[48;2;73;219;37m[38;2;149;133;9m▄[48;2;72;220;37m[38;2;168;130;7m▄[48;2;73;220;37m[38;2;167;118;5m▄[48;2;72;218;37m[38;2;106;78;4m▄[48;2;69;210;36m[38;2;93;69;4m▄[48;2;66;199;34m[38;2;173;117;4m▄[48;2;63;192;32m[38;2;177;119;4m▄[48;2;62;186;32m[38;2;173;116;4m▄[48;2;61;186;31m[38;2;176;115;4m▄[48;2;63;191;32m[38;2;174;115;4m▄[48;2;67;202;34m[38;2;170;113;4m▄[48;2;70;213;36m[38;2;180;118;3m▄[48;2;72;219;37m[38;2;175;117;4m▄[48;2;73;220;37m[38;2;154;120;7m▄[48;2;73;220;37m[38;2;80;94;11m▄[48;2;73;219;37m[38;2;48;93;15m▄[48;2;73;218;37m[38;2;41;112;19m▄[48;2;72;215;36m[38;2;45;144;25m▄[48;2;64;192;32m[38;2;63;191;32m▄[48;2;32;99;16m[38;2;73;218;37m▄[48;2;21;41;16m[38;2;72;210;38m▄[48;2;38;66;30m[38;2;67;177;41m▄[48;2;79;141;63m[38;2;53;123;36m▄[48;2;98;178;78m[38;2;32;57;25m▄[48;2;98;179;77m[38;2;25;46;20m▄[48;2;97;177;77m[38;2;56;100;46m▄[48;2;98;177;78m[38;2;93;165;75m▄[48;2;97;176;77m[38;2;100;181;80m▄[48;2;98;177;77m[38;2;97;176;76m▄[48;2;97;176;78m[38;2;98;177;78m▄[48;2;99;174;79m[38;2;98;177;78m▄[0m
         [48;2;98;178;78m[38;2;46;76;38m▄[48;2;100;178;80m[38;2;50;69;45m▄[48;2;99;176;80m[38;2;35;46;33m▄[48;2;82;148;65m[38;2;7;9;6m▄[48;2;64;117;50m[38;2;35;54;30m▄[48;2;42;77;34m[38;2;52;107;39m▄[48;2;26;46;21m[38;2;80;194;52m▄[48;2;34;71;26m[38;2;73;216;38m▄[48;2;54;133;35m[38;2;67;192;32m▄[48;2;81;199;52m[38;2;81;158;23m▄[48;2;80;218;46m[38;2;100;110;11m▄[48;2;66;199;33m[38;2;152;98;2m▄[48;2;60;157;26m[38;2;220;129;1m▄[48;2;80;128;18m[38;2;251;145;0m▄[48;2;120;110;9m[38;2;255;147;0m▄[48;2;154;106;4m[38;2;255;147;0m▄[48;2;181;114;2m[38;2;255;147;0m▄[48;2;230;134;0m[38;2;255;147;0m▄[48;2;251;144;0m[38;2;255;147;0m▄[48;2;254;146;0m[38;2;255;147;0m▄[48;2;255;147;0m [48;2;163;94;0m[38;2;134;78;0m▄[48;2;2;1;0m[38;2;58;33;0m▄[48;2;13;7;0m[38;2;133;76;0m▄[48;2;64;38;0m[38;2;12;7;0m▄[48;2;250;144;0m[38;2;234;135;0m▄[48;2;255;147;0m [48;2;255;147;0m [48;2;255;147;0m [48;2;255;147;0m [48;2;255;147;0m [48;2;255;147;0m [48;2;255;147;0m [48;2;249;146;0m[38;2;255;147;0m▄[48;2;239;143;2m[38;2;255;147;0m▄[48;2;223;131;1m[38;2;255;147;0m▄[48;2;192;120;2m[38;2;255;147;0m▄[48;2;130;96;5m[38;2;255;147;0m▄[48;2;82;88;9m[38;2;255;148;0m▄[48;2;62;104;15m[38;2;247;147;1m▄[48;2;49;132;22m[38;2;212;134;3m▄[48;2;57;165;32m[38;2;144;95;3m▄[48;2;53;117;38m[38;2;74;61;8m▄[48;2;50;97;39m[38;2;47;60;21m▄[48;2;35;56;29m[38;2;47;81;33m▄[48;2;17;22;15m[38;2;20;34;19m▄[48;2;31;50;26m[38;2;48;73;42m▄[48;2;55;90;47m[38;2;37;56;33m▄[48;2;78;132;64m[38;2;21;31;18m▄[48;2;95;167;78m[38;2;18;26;16m▄[0m
         [48;2;48;74;43m[38;2;51;78;45m▄[48;2;48;74;43m[38;2;50;76;44m▄[48;2;46;71;42m[38;2;12;17;11m▄[48;2;32;54;28m[38;2;45;93;35m▄[48;2;58;112;46m[38;2;26;45;17m▄[48;2;55;130;37m[38;2;121;83;5m▄[48;2;57;133;27m[38;2;232;138;0m▄[48;2;101;96;8m[38;2;253;146;0m▄[48;2;200;118;1m[38;2;254;147;0m▄[48;2;248;144;0m[38;2;255;147;0m▄[48;2;254;147;0m[38;2;255;147;0m▄[48;2;255;147;0m [48;2;255;147;0m [48;2;255;147;0m [48;2;255;147;0m [48;2;255;147;0m [48;2;255;147;0m [48;2;255;147;0m [48;2;255;147;0m [48;2;255;147;0m [48;2;255;147;0m [48;2;173;100;0m[38;2;210;122;0m▄[48;2;172;100;0m[38;2;76;44;0m▄[48;2;214;123;0m[38;2;153;88;0m▄[48;2;36;21;0m[38;2;162;94;0m▄[48;2;201;116;0m[38;2;20;12;0m▄[48;2;254;147;0m[38;2;238;137;0m▄[48;2;255;147;0m [48;2;255;147;0m [48;2;255;147;0m [48;2;255;147;0m [48;2;255;147;0m [48;2;255;147;0m [48;2;255;147;0m [48;2;255;147;0m [48;2;255;147;0m [48;2;255;147;0m [48;2;255;147;0m [48;2;255;147;0m [48;2;255;147;0m [48;2;255;147;0m [48;2;255;147;0m [48;2;254;147;0m[38;2;255;147;0m▄[48;2;241;143;1m[38;2;255;147;0m▄[48;2;213;125;0m[38;2;255;147;0m▄[48;2;117;73;3m[38;2;252;147;1m▄[48;2;25;36;21m[38;2;94;69;18m▄[48;2;50;77;44m[38;2;39;59;33m▄[48;2;51;78;45m [48;2;51;78;44m[38;2;51;78;45m▄[0m
         [48;2;51;78;45m[38;2;50;76;44m▄[48;2;40;58;34m[38;2;43;36;13m▄[48;2;38;37;6m[38;2;240;143;2m▄[48;2;149;95;6m[38;2;254;147;0m▄[48;2;226;134;1m[38;2;255;147;0m▄[48;2;253;146;0m[38;2;255;147;0m▄[48;2;255;147;0m [48;2;255;147;0m [48;2;255;147;0m [48;2;255;147;0m [48;2;255;147;0m [48;2;255;147;0m [48;2;255;147;0m [48;2;255;147;0m [48;2;255;147;0m [48;2;255;147;0m [48;2;255;147;0m [48;2;255;147;0m [48;2;255;147;0m [48;2;255;147;0m [48;2;255;147;0m[38;2;243;140;0m▄[48;2;116;67;0m[38;2;90;52;0m▄[48;2;237;137;0m[38;2;254;147;0m▄[48;2;248;143;0m[38;2;255;147;0m▄[48;2;250;144;0m[38;2;255;147;0m▄[48;2;45;25;0m[38;2;191;110;0m▄[48;2;64;36;0m[38;2;32;18;0m▄[48;2;245;141;0m[38;2;152;87;0m▄[48;2;255;147;0m [48;2;255;147;0m [48;2;255;147;0m [48;2;255;147;0m [48;2;255;147;0m [48;2;255;147;0m [48;2;255;147;0m [48;2;255;147;0m [48;2;255;147;0m [48;2;255;147;0m [48;2;255;147;0m [48;2;255;147;0m [48;2;255;147;0m [48;2;255;147;0m [48;2;255;147;0m [48;2;255;147;0m [48;2;255;147;0m [48;2;254;147;0m[38;2;255;147;0m▄[48;2;230;140;6m[38;2;254;147;0m▄[48;2;25;21;7m[38;2;143;86;2m▄[48;2;48;74;42m[38;2;39;60;34m▄[48;2;51;78;45m [0m
         [48;2;41;63;37m[38;2;40;47;23m▄[48;2;119;70;1m[38;2;230;135;0m▄[48;2;255;147;0m [48;2;255;147;0m [48;2;255;147;0m [48;2;255;147;0m [48;2;255;147;0m [48;2;255;147;0m [48;2;255;147;0m [48;2;255;147;0m [48;2;255;147;0m [48;2;255;147;0m [48;2;255;147;0m [48;2;255;147;0m [48;2;255;147;0m [48;2;255;147;0m [48;2;255;147;0m [48;2;255;147;0m [48;2;255;147;0m [48;2;255;147;0m [48;2;180;104;0m[38;2;120;68;0m▄[48;2;135;78;0m[38;2;158;91;0m▄[48;2;255;147;0m[38;2;250;145;0m▄[48;2;255;147;0m [48;2;255;147;0m[38;2;254;146;0m▄[48;2;252;145;0m[38;2;209;120;0m▄[48;2;54;31;0m[38;2;61;35;0m▄[48;2;94;54;0m[38;2;159;91;0m▄[48;2;254;146;0m[38;2;244;140;0m▄[48;2;255;147;0m [48;2;255;147;0m [48;2;255;147;0m [48;2;255;147;0m [48;2;255;147;0m [48;2;255;147;0m [48;2;255;147;0m [48;2;255;147;0m [48;2;255;147;0m [48;2;255;147;0m [48;2;255;147;0m [48;2;255;147;0m [48;2;255;147;0m [48;2;255;147;0m [48;2;255;147;0m [48;2;255;147;0m [48;2;255;147;0m [48;2;255;147;0m [48;2;240;144;1m[38;2;255;147;0m▄[48;2;36;40;18m[38;2;70;49;6m▄[48;2;50;78;45m[38;2;45;69;40m▄[0m
         [48;2;65;48;9m[38;2;98;64;6m▄[48;2;255;149;0m[38;2;255;147;0m▄[48;2;255;147;0m [48;2;255;147;0m [48;2;255;147;0m [48;2;255;147;0m [48;2;255;147;0m [48;2;255;147;0m [48;2;255;147;0m [48;2;255;147;0m [48;2;255;147;0m [48;2;255;147;0m [48;2;255;147;0m [48;2;255;147;0m [48;2;255;147;0m [48;2;255;147;0m [48;2;255;147;0m [48;2;255;147;0m [48;2;254;147;0m[38;2;254;146;0m▄[48;2;225;130;0m[38;2;175;100;0m▄[48;2;210;120;0m[38;2;253;146;0m▄[48;2;209;121;0m[38;2;254;147;0m▄[48;2;86;49;0m[38;2;189;109;0m▄[48;2;254;146;0m[38;2;142;81;0m▄[48;2;255;147;0m[38;2;102;59;0m▄[48;2;199;115;0m[38;2;69;40;0m▄[48;2;244;141;0m[38;2;238;138;0m▄[48;2;253;146;0m[38;2;184;105;0m▄[48;2;200;115;0m[38;2;231;134;0m▄[48;2;253;147;0m[38;2;254;146;0m▄[48;2;255;147;0m [48;2;255;147;0m [48;2;255;147;0m [48;2;255;147;0m [48;2;255;147;0m [48;2;255;147;0m [48;2;255;147;0m [48;2;255;147;0m [48;2;255;147;0m [48;2;255;147;0m [48;2;255;147;0m [48;2;255;147;0m [48;2;255;147;0m [48;2;255;147;0m [48;2;255;147;0m [48;2;255;147;0m [48;2;255;147;0m [48;2;255;147;0m [48;2;149;98;7m[38;2;215;132;5m▄[48;2;35;54;32m[38;2;31;42;22m▄[0m
         [48;2;133;82;3m[38;2;153;89;0m▄[48;2;255;147;0m [48;2;255;147;0m [48;2;255;147;0m [48;2;255;147;0m [48;2;255;147;0m [48;2;255;147;0m [48;2;255;147;0m [48;2;255;147;0m [48;2;255;147;0m [48;2;255;147;0m [48;2;255;147;0m [48;2;255;147;0m [48;2;255;147;0m[38;2;255;146;0m▄[48;2;255;147;0m[38;2;255;146;0m▄[48;2;255;147;0m [48;2;255;147;0m[38;2;254;148;0m▄[48;2;255;147;0m[38;2;248;147;0m▄[48;2;254;147;0m[38;2;242;142;0m▄[48;2;204;116;0m[38;2;224;131;0m▄[48;2;200;115;0m[38;2;205;124;1m▄[48;2;199;115;0m[38;2;175;109;2m▄[48;2;172;100;0m[38;2;157;102;2m▄[48;2;168;97;0m[38;2;172;114;3m▄[48;2;206;119;0m[38;2;156;115;5m▄[48;2;215;125;0m[38;2;138;111;7m▄[48;2;180;105;0m[38;2;121;105;8m▄[48;2;233;136;0m[38;2;120;109;8m▄[48;2;254;148;0m[38;2;116;111;9m▄[48;2;254;148;0m[38;2;112;111;10m▄[48;2;255;148;0m[38;2;130;121;10m▄[48;2;254;148;0m[38;2;103;105;10m▄[48;2;254;148;0m[38;2;99;99;9m▄[48;2;254;148;0m[38;2;106;98;8m▄[48;2;254;148;0m[38;2;106;96;8m▄[48;2;255;148;0m[38;2;118;98;7m▄[48;2;255;147;0m[38;2;123;101;7m▄[48;2;255;147;0m[38;2;129;99;6m▄[48;2;255;147;0m[38;2;141;100;5m▄[48;2;255;147;0m[38;2;166;111;4m▄[48;2;255;147;0m[38;2;189;122;4m▄[48;2;255;147;0m[38;2;217;131;1m▄[48;2;255;147;0m[38;2;248;145;0m▄[48;2;255;147;0m[38;2;250;148;0m▄[48;2;255;147;0m[38;2;254;149;0m▄[48;2;255;147;0m [48;2;255;147;0m [48;2;255;147;0m [48;2;249;147;1m[38;2;254;147;0m▄[48;2;47;44;15m[38;2;81;54;7m▄[0m
         [48;2;163;95;0m[38;2;176;103;0m▄[48;2;255;147;0m [48;2;255;147;0m [48;2;255;147;0m [48;2;255;147;0m [48;2;255;147;0m [48;2;255;147;0m [48;2;255;147;0m[38;2;254;147;0m▄[48;2;255;147;0m[38;2;250;144;0m▄[48;2;255;147;0m[38;2;238;146;1m▄[48;2;254;147;0m[38;2;170;117;4m▄[48;2;252;147;0m[38;2;78;65;5m▄[48;2;239;144;1m[38;2;36;71;11m▄[48;2;220;136;2m[38;2;41;122;21m▄[48;2;193;124;2m[38;2;59;179;31m▄[48;2;178;119;4m[38;2;69;210;35m▄[48;2;129;104;6m[38;2;73;219;37m▄[48;2;67;87;10m[38;2;73;219;37m▄[48;2;61;106;15m[38;2;73;218;37m▄[48;2;52;126;21m[38;2;73;218;37m▄[48;2;52;150;25m[38;2;73;218;37m▄[48;2;58;177;30m[38;2;73;218;37m▄[48;2;63;194;33m[38;2;73;218;37m▄[48;2;66;204;34m[38;2;73;218;37m▄[48;2;69;212;36m[38;2;73;218;37m▄[48;2;72;217;36m[38;2;73;218;37m▄[48;2;72;219;37m[38;2;73;218;37m▄[48;2;73;220;37m[38;2;73;218;37m▄[48;2;73;220;37m[38;2;73;218;37m▄[48;2;73;220;37m[38;2;73;218;37m▄[48;2;73;220;37m[38;2;73;218;37m▄[48;2;73;220;37m[38;2;73;218;37m▄[48;2;74;220;37m[38;2;73;218;37m▄[48;2;73;220;37m[38;2;73;218;37m▄[48;2;73;219;37m[38;2;73;218;37m▄[48;2;72;214;36m[38;2;73;218;37m▄[48;2;68;207;35m[38;2;73;218;37m▄[48;2;65;197;34m[38;2;73;218;37m▄[48;2;61;185;32m[38;2;73;218;37m▄[48;2;51;157;27m[38;2;73;218;37m▄[48;2;41;125;21m[38;2;73;218;37m▄[48;2;40;106;18m[38;2;73;218;37m▄[48;2;75;92;10m[38;2;73;218;37m▄[48;2;76;85;10m[38;2;73;219;37m▄[48;2;112;94;7m[38;2;72;216;36m▄[48;2;162;113;5m[38;2;64;194;33m▄[48;2;219;131;0m[38;2;50;152;26m▄[48;2;231;138;1m[38;2;30;65;14m▄[48;2;252;147;0m[38;2;106;71;5m▄[48;2;97;61;4m[38;2;30;31;7m▄[0m
         [48;2;186;108;0m[38;2;185;108;0m▄[48;2;255;147;0m[38;2;254;148;0m▄[48;2;255;147;0m[38;2;247;144;0m▄[48;2;255;147;0m[38;2;188;113;1m▄[48;2;255;147;0m[38;2;110;100;8m▄[48;2;248;147;0m[38;2;72;136;20m▄[48;2;206;124;1m[38;2;62;175;29m▄[48;2;115;81;4m[38;2;67;204;34m▄[48;2;55;92;13m[38;2;72;217;36m▄[48;2;60;157;26m[38;2;73;218;37m▄[48;2;66;195;32m[38;2;73;218;37m▄[48;2;70;212;35m[38;2;73;218;37m▄[48;2;72;215;36m[38;2;73;218;37m▄[48;2;73;217;36m[38;2;73;218;37m▄[48;2;73;218;37m [48;2;73;218;37m [48;2;73;218;37m [48;2;73;218;37m [48;2;73;218;37m [48;2;73;218;37m [48;2;73;218;37m [48;2;73;218;37m [48;2;73;218;37m [48;2;73;218;37m [48;2;73;218;37m [48;2;73;218;37m [48;2;73;218;37m [48;2;73;218;37m [48;2;73;218;37m [48;2;73;218;37m [48;2;73;218;37m [48;2;73;218;37m [48;2;73;218;37m [48;2;73;218;37m [48;2;73;218;37m [48;2;73;218;37m [48;2;73;218;37m [48;2;73;218;37m [48;2;73;218;37m [48;2;73;218;37m [48;2;73;218;37m [48;2;73;218;37m [48;2;73;218;37m [48;2;73;218;37m [48;2;73;218;37m [48;2;73;218;37m [48;2;71;210;37m[38;2;71;214;37m▄[48;2;58;142;37m[38;2;57;136;37m▄[48;2;51;109;39m[38;2;54;109;40m▄[48;2;36;76;26m[38;2;38;71;31m▄[0m
         [48;2;73;63;12m[38;2;24;46;20m▄[48;2;89;67;7m[38;2;54;120;38m▄[48;2;67;119;19m[38;2;66;192;35m▄[48;2;61;177;29m[38;2;73;217;37m▄[48;2;71;213;36m[38;2;73;218;37m▄[48;2;73;218;37m [48;2;73;218;37m [48;2;71;214;35m[38;2;42;129;21m▄[48;2;43;131;22m[38;2;4;10;2m▄[48;2;37;111;19m[38;2;4;10;2m▄[48;2;60;180;30m[38;2;7;22;3m▄[48;2;73;218;37m[38;2;62;187;31m▄[48;2;73;218;37m [48;2;73;218;37m [48;2;73;218;37m [48;2;73;218;37m [48;2;73;218;37m [48;2;73;218;37m [48;2;73;218;37m [48;2;73;218;37m [48;2;73;218;37m [48;2;73;218;37m [48;2;73;218;37m [48;2;73;218;37m [48;2;73;218;37m [48;2;73;218;37m [48;2;73;218;37m [48;2;73;218;37m [48;2;73;218;37m [48;2;73;218;37m [48;2;73;218;37m [48;2;73;218;37m [48;2;73;218;37m [48;2;73;218;37m [48;2;73;218;37m [48;2;73;218;37m[38;2;72;217;36m▄[48;2;69;208;35m[38;2;20;61;10m▄[48;2;43;129;22m[38;2;4;11;2m▄[48;2;38;116;19m[38;2;3;8;1m▄[48;2;64;192;32m[38;2;19;57;10m▄[48;2;73;218;37m[38;2;73;219;37m▄[48;2;73;218;37m [48;2;73;218;37m [48;2;73;218;37m [48;2;73;218;37m [48;2;73;218;37m [48;2;72;214;36m[38;2;71;213;36m▄[48;2;55;130;37m[38;2;55;123;38m▄[48;2;54;108;41m[38;2;56;110;44m▄[48;2;35;60;30m[38;2;35;57;30m▄[0m
         [48;2;37;68;29m[38;2;38;61;33m▄[48;2;58;132;39m[38;2;62;134;45m▄[48;2;64;179;36m[38;2;55;129;37m▄[48;2;72;217;36m[38;2;71;210;36m▄[48;2;73;218;37m [48;2;73;218;37m [48;2;73;218;37m [48;2;27;82;14m[38;2;59;178;30m▄[48;2;4;11;3m[38;2;3;9;1m▄[48;2;0;0;0m[38;2;8;18;4m▄[48;2;1;3;1m[38;2;4;12;2m▄[48;2;36;112;19m[38;2;54;163;27m▄[48;2;73;218;37m [48;2;73;218;37m [48;2;73;218;37m [48;2;73;218;37m [48;2;73;218;37m [48;2;73;218;37m [48;2;73;218;37m [48;2;73;218;37m [48;2;73;218;37m [48;2;73;218;37m [48;2;73;218;37m [48;2;73;218;37m [48;2;73;218;37m [48;2;73;218;37m [48;2;73;218;37m [48;2;73;218;37m [48;2;73;218;37m [48;2;73;218;37m [48;2;73;218;37m [48;2;73;218;37m [48;2;73;218;37m [48;2;73;218;37m [48;2;73;218;37m [48;2;70;210;36m[38;2;72;217;36m▄[48;2;4;11;1m[38;2;9;28;4m▄[48;2;0;0;0m[38;2;6;16;3m▄[48;2;1;3;1m[38;2;6;15;3m▄[48;2;13;39;6m[38;2;32;94;15m▄[48;2;73;218;37m [48;2;73;218;37m [48;2;73;218;37m [48;2;73;218;37m [48;2;73;218;37m [48;2;73;218;37m [48;2;70;207;36m[38;2;67;196;36m▄[48;2;52;110;38m [48;2;57;101;47m[38;2;56;90;47m▄[48;2;36;55;31m[38;2;38;58;33m▄[0m
         [48;2;40;63;35m[38;2;43;67;38m▄[48;2;61;117;48m[38;2;45;80;38m▄[48;2;54;114;39m[38;2;52;110;38m▄[48;2;64;177;36m[38;2;59;150;37m▄[48;2;72;217;36m[38;2;72;214;36m▄[48;2;73;218;37m [48;2;73;218;37m [48;2;72;217;36m[38;2;73;218;37m▄[48;2;61;182;30m[38;2;73;218;37m▄[48;2;45;135;22m[38;2;73;218;37m▄[48;2;58;174;29m[38;2;73;218;37m▄[48;2;72;217;36m[38;2;73;218;37m▄[48;2;73;218;37m [48;2;73;218;37m [48;2;73;218;37m [48;2;73;218;37m [48;2;73;218;37m [48;2;73;218;37m [48;2;73;218;37m [48;2;73;218;37m [48;2;71;212;35m[38;2;72;216;36m▄[48;2;34;101;17m[38;2;11;32;5m▄[48;2;34;101;17m[38;2;1;2;1m▄[48;2;34;98;18m[38;2;1;3;1m▄[48;2;35;101;18m[38;2;1;1;1m▄[48;2;35;100;17m[38;2;1;3;1m▄[48;2;57;170;29m[38;2;56;168;28m▄[48;2;73;218;37m [48;2;73;218;37m [48;2;73;218;37m [48;2;73;218;37m [48;2;73;218;37m [48;2;73;218;37m [48;2;73;218;37m [48;2;73;218;37m [48;2;72;217;36m[38;2;72;218;36m▄[48;2;66;197;33m[38;2;72;217;36m▄[48;2;46;139;23m[38;2;73;217;37m▄[48;2;54;163;27m[38;2;72;217;37m▄[48;2;71;212;36m[38;2;72;217;36m▄[48;2;73;218;37m [48;2;73;218;37m [48;2;73;218;37m [48;2;73;218;37m [48;2;73;218;37m [48;2;72;217;37m[38;2;70;204;36m▄[48;2;60;158;37m[38;2;53;122;37m▄[48;2;52;103;38m[38;2;52;104;40m▄[48;2;33;54;28m[38;2;21;34;18m▄[48;2;46;70;41m[38;2;49;76;44m▄[0m
         [48;2;49;76;44m[38;2;51;78;45m▄[48;2;32;51;28m[38;2;43;65;37m▄[48;2;61;125;45m[38;2;81;124;71m▄[48;2;54;124;38m[38;2;53;113;40m▄[48;2;68;202;36m[38;2;60;156;37m▄[48;2;73;218;37m[38;2;72;215;36m▄[48;2;73;218;37m [48;2;73;218;37m [48;2;73;218;37m[38;2;73;216;37m▄[48;2;73;217;37m[38;2;93;205;61m▄[48;2;79;213;44m[38;2;121;189;95m▄[48;2;85;210;51m[38;2;132;184;108m▄[48;2;82;211;47m[38;2;121;191;93m▄[48;2;73;217;37m[38;2;85;210;52m▄[48;2;73;218;37m[38;2;73;217;37m▄[48;2;73;218;37m [48;2;73;218;37m [48;2;73;218;37m [48;2;73;218;37m [48;2;73;218;37m [48;2;73;218;37m [48;2;37;111;20m[38;2;71;214;36m▄[48;2;1;2;0m[38;2;44;128;22m▄[48;2;2;4;2m[38;2;15;39;8m▄[48;2;1;1;1m[38;2;29;82;14m▄[48;2;13;37;7m[38;2;68;204;34m▄[48;2;70;210;35m[38;2;73;218;37m▄[48;2;73;217;37m[38;2;73;218;37m▄[48;2;73;218;37m [48;2;73;218;37m [48;2;73;218;37m [48;2;73;218;37m [48;2;73;218;37m [48;2;73;218;37m [48;2;73;217;37m[38;2;74;216;38m▄[48;2;82;211;47m[38;2;118;191;90m▄[48;2;100;200;70m[38;2;132;185;108m▄[48;2;103;201;72m[38;2;127;187;101m▄[48;2;98;203;67m[38;2;125;189;100m▄[48;2;85;209;52m[38;2;116;192;88m▄[48;2;73;217;37m[38;2;80;211;44m▄[48;2;73;218;37m [48;2;73;218;37m [48;2;73;218;37m [48;2;72;217;36m[38;2;68;200;35m▄[48;2;63;170;35m[38;2;54;125;36m▄[48;2;51;103;38m[38;2;51;99;38m▄[48;2;49;101;36m[38;2;22;45;17m▄[48;2;30;47;26m[38;2;45;69;39m▄[48;2;51;78;45m [0m
         [48;2;51;78;45m [48;2;49;75;43m[38;2;51;78;45m▄[48;2;30;38;27m[38;2;39;59;35m▄[48;2;63;123;49m[38;2;71;110;62m▄[48;2;54;121;37m[38;2;56;119;40m▄[48;2;68;198;37m[38;2;60;158;37m▄[48;2;73;218;37m[38;2;71;216;36m▄[48;2;73;217;37m[38;2;73;216;38m▄[48;2;91;206;58m[38;2;110;196;81m▄[48;2;122;191;95m[38;2;126;188;100m▄[48;2;128;186;102m[38;2;130;187;104m▄[48;2;140;180;116m[38;2;128;187;103m▄[48;2;126;188;100m[38;2;106;197;76m▄[48;2;96;202;64m[38;2;75;215;39m▄[48;2;73;217;37m[38;2;72;218;36m▄[48;2;73;218;37m [48;2;73;218;37m [48;2;73;218;37m [48;2;73;218;37m [48;2;73;218;37m [48;2;73;218;37m [48;2;73;218;37m [48;2;73;218;37m [48;2;74;220;37m[38;2;73;218;37m▄[48;2;73;218;37m [48;2;73;218;37m [48;2;73;218;37m [48;2;73;218;37m [48;2;73;218;37m [48;2;73;218;37m [48;2;73;218;37m [48;2;73;218;37m [48;2;73;218;37m [48;2;73;218;37m [48;2;74;217;38m[38;2;73;217;37m▄[48;2;114;194;86m[38;2;76;215;40m▄[48;2;142;178;121m[38;2;94;205;62m▄[48;2;150;176;129m[38;2;109;196;81m▄[48;2;142;180;120m[38;2;95;203;63m▄[48;2;116;193;88m[38;2;76;214;41m▄[48;2;78;213;44m[38;2;73;217;37m▄[48;2;73;218;37m[38;2;73;217;37m▄[48;2;73;218;37m[38;2;67;196;36m▄[48;2;71;209;37m[38;2;60;154;36m▄[48;2;59;152;36m[38;2;57;138;37m▄[48;2;52;110;38m[38;2;56;130;37m▄[48;2;51;104;38m[38;2;30;71;21m▄[48;2;20;31;17m[38;2;45;69;39m▄[48;2;50;78;44m[38;2;51;78;45m▄[48;2;51;78;45m [0m
         [48;2;51;78;45m[38;2;28;43;24m▄[48;2;51;78;45m[38;2;43;64;38m▄[48;2;51;78;45m[38;2;52;79;46m▄[48;2;34;53;30m[38;2;46;71;41m▄[48;2;64;124;48m[38;2;49;106;36m▄[48;2;53;115;38m[38;2;57;124;40m▄[48;2;63;175;36m[38;2;55;126;38m▄[48;2;73;217;37m[38;2;66;186;36m▄[48;2;89;208;56m[38;2;73;217;37m▄[48;2;111;195;82m[38;2;75;215;40m▄[48;2;109;197;80m[38;2;74;216;38m▄[48;2;85;209;52m[38;2;73;218;36m▄[48;2;73;216;37m[38;2;73;218;37m▄[48;2;73;218;37m [48;2;73;218;37m [48;2;73;218;37m [48;2;73;218;37m [48;2;73;218;37m [48;2;73;218;37m [48;2;73;218;37m [48;2;73;218;37m [48;2;73;218;37m [48;2;73;218;37m [48;2;73;218;37m [48;2;73;218;37m [48;2;73;218;37m [48;2;73;218;37m [48;2;73;218;37m [48;2;73;218;37m [48;2;73;218;37m [48;2;73;218;37m [48;2;73;218;37m [48;2;73;218;37m [48;2;73;218;37m [48;2;73;218;37m [48;2;73;218;37m [48;2;73;217;37m[38;2;73;218;37m▄[48;2;73;217;37m[38;2;73;218;37m▄[48;2;73;217;36m[38;2;73;218;37m▄[48;2;73;218;37m[38;2;71;214;36m▄[48;2;71;212;36m[38;2;63;172;36m▄[48;2;63;174;35m[38;2;57;138;37m▄[48;2;58;146;36m[38;2;57;137;38m▄[48;2;58;139;37m[38;2;57;138;37m▄[48;2;58;138;37m[38;2;54;128;35m▄[48;2;50;117;34m[38;2;20;44;14m▄[48;2;20;32;17m[38;2;39;61;34m▄[48;2;51;77;44m[38;2;45;69;40m▄[48;2;51;78;45m[38;2;45;69;40m▄[48;2;51;78;45m[38;2;49;75;43m▄[0m
         [48;2;84;151;67m[38;2;98;177;78m▄[48;2;43;80;34m[38;2;98;177;78m▄[48;2;22;39;19m[38;2;98;178;78m▄[48;2;43;67;38m[38;2;81;148;64m▄[48;2;40;70;33m[38;2;44;78;36m▄[48;2;54;127;36m[38;2;21;47;15m▄[48;2;55;120;39m[38;2;54;117;39m▄[48;2;56;133;37m[38;2;59;133;40m▄[48;2;71;211;36m[38;2;61;164;37m▄[48;2;73;217;36m[38;2;71;211;36m▄[48;2;73;218;37m[38;2;72;218;36m▄[48;2;73;218;37m [48;2;73;218;37m [48;2;73;218;37m [48;2;73;218;37m [48;2;73;218;37m [48;2;73;218;37m [48;2;73;218;37m [48;2;73;218;37m [48;2;73;218;37m [48;2;73;218;37m [48;2;73;218;37m [48;2;73;218;37m [48;2;73;218;37m [48;2;73;218;37m [48;2;73;218;37m [48;2;73;218;37m [48;2;73;218;37m [48;2;73;218;37m [48;2;73;218;37m [48;2;73;218;37m [48;2;73;218;37m [48;2;73;218;37m [48;2;73;218;37m [48;2;73;218;37m [48;2;73;218;37m [48;2;73;218;37m[38;2;73;217;37m▄[48;2;73;218;37m[38;2;72;217;36m▄[48;2;73;218;37m[38;2;67;203;34m▄[48;2;68;194;37m[38;2;40;116;21m▄[48;2;58;142;36m[38;2;8;21;5m▄[48;2;49;120;31m[38;2;6;10;5m▄[48;2;25;59;16m[38;2;73;108;65m▄[48;2;15;33;11m[38;2;95;157;79m▄[48;2;12;25;9m[38;2;97;175;77m▄[48;2;21;32;19m[38;2;99;179;79m▄[48;2;23;35;19m[38;2;98;178;78m▄[48;2;20;34;17m[38;2;98;178;78m▄[48;2;13;24;11m[38;2;98;178;78m▄[48;2;16;26;14m[38;2;98;177;78m▄[0m
         [48;2;97;176;77m[38;2;58;103;46m▄[48;2;98;177;78m[38;2;94;170;75m▄[48;2;98;177;78m[38;2;99;179;79m▄[48;2;98;177;78m[38;2;97;176;77m▄[48;2;97;176;77m[38;2;98;177;78m▄[48;2;91;165;72m[38;2;98;177;78m▄[48;2;55;100;44m[38;2;98;177;78m▄[48;2;15;27;10m[38;2;92;168;73m▄[48;2;24;46;18m[38;2;76;138;61m▄[48;2;73;154;53m[38;2;54;96;43m▄[48;2;74;213;39m[38;2;24;48;18m▄[48;2;74;222;37m[38;2;20;55;11m▄[48;2;73;217;37m[38;2;31;91;16m▄[48;2;73;218;37m[38;2;49;145;24m▄[48;2;73;218;37m[38;2;68;201;35m▄[48;2;73;218;37m[38;2;73;217;37m▄[48;2;73;218;37m[38;2;74;220;37m▄[48;2;73;218;37m[38;2;73;219;37m▄[48;2;73;218;37m [48;2;73;218;37m [48;2;73;218;37m [48;2;73;218;37m [48;2;73;218;37m [48;2;73;218;37m [48;2;73;218;37m [48;2;73;218;37m [48;2;73;218;37m [48;2;73;218;37m [48;2;73;218;37m [48;2;73;218;37m [48;2;73;218;37m[38;2;73;220;37m▄[48;2;73;218;37m[38;2;72;214;37m▄[48;2;73;218;37m[38;2;63;187;32m▄[48;2;72;217;36m[38;2;41;120;22m▄[48;2;74;222;36m[38;2;21;52;13m▄[48;2;67;203;34m[38;2;39;62;34m▄[48;2;40;117;21m[38;2;64;103;54m▄[48;2;14;43;7m[38;2;72;126;57m▄[48;2;4;12;2m[38;2;87;156;69m▄[48;2;25;45;21m[38;2;97;174;78m▄[48;2;71;124;57m[38;2;99;177;80m▄[48;2;97;168;78m[38;2;94;170;75m▄[48;2;96;175;77m[38;2;103;177;84m▄[48;2;98;176;79m[38;2;109;183;90m▄[48;2;100;178;80m[38;2;112;185;94m▄[48;2;100;177;80m[38;2;111;184;92m▄[48;2;99;177;80m[38;2;107;182;89m▄[48;2;98;177;78m[38;2;105;182;85m▄[48;2;98;177;78m[38;2;103;180;83m▄[48;2;98;177;78m[38;2;99;177;79m▄[0m
          [38;2;54;79;47m▀[38;2;72;123;60m▀[48;2;97;176;78m[38;2;65;87;60m▄[48;2;98;177;78m[38;2;73;130;59m▄[48;2;98;177;78m[38;2;91;165;72m▄[48;2;98;177;78m [48;2;98;177;78m [48;2;98;177;78m [48;2;96;172;77m[38;2;98;177;78m▄[48;2;82;147;65m[38;2;98;177;78m▄[48;2;66;116;52m[38;2;98;177;78m▄[48;2;46;78;38m[38;2;98;177;78m▄[48;2;27;51;20m[38;2;98;177;78m▄[48;2;28;60;20m[38;2;94;169;74m▄[48;2;28;67;19m[38;2;86;155;69m▄[48;2;34;96;19m[38;2;69;123;54m▄[48;2;42;126;21m[38;2;48;86;39m▄[48;2;51;148;27m[38;2;36;64;28m▄[48;2;55;164;28m[38;2;26;46;20m▄[48;2;60;180;30m[38;2;23;39;18m▄[48;2;62;186;31m[38;2;21;40;17m▄[48;2;61;181;31m[38;2;19;36;16m▄[48;2;67;176;40m[38;2;18;32;14m▄[48;2;63;173;35m[38;2;23;36;19m▄[48;2;56;168;29m[38;2;27;42;23m▄[48;2;53;160;27m[38;2;29;45;24m▄[48;2;44;133;22m[38;2;30;53;25m▄[48;2;34;102;17m[38;2;52;89;43m▄[48;2;20;60;10m[38;2;88;148;71m▄[48;2;24;47;19m[38;2;97;171;78m▄[48;2;34;62;27m[38;2;98;177;78m▄[48;2;55;99;44m[38;2;98;177;78m▄[48;2;80;144;64m[38;2;98;177;78m▄[48;2;99;176;79m[38;2;98;177;78m▄[48;2;98;177;78m [48;2;98;177;78m[38;2;99;177;79m▄[48;2;99;177;79m[38;2;96;172;76m▄[48;2;99;175;79m[38;2;85;151;68m▄[48;2;95;169;76m[38;2;72;121;60m▄[48;2;109;180;92m[38;2;37;57;32m▄[48;2;100;159;85m[38;2;38;41;36m▄[48;2;72;107;62m[38;2;74;74;74m▄[0m[38;2;44;65;38m▀[38;2;31;48;27m▀[38;2;31;48;26m▀[38;2;31;52;25m▀[38;2;41;71;34m▀[38;2;59;97;50m▀[0m
               [38;2;95;106;94m▀[38;2;81;137;65m▀[38;2;91;166;73m▀[48;2;95;174;76m[38;2;61;73;59m▄[48;2;98;177;78m[38;2;33;66;26m▄[48;2;98;177;78m[38;2;81;143;65m▄[48;2;98;177;78m[38;2;102;182;81m▄[48;2;98;177;78m[38;2;97;176;77m▄[48;2;98;177;78m [48;2;98;177;78m [48;2;98;177;78m [48;2;98;177;78m [48;2;98;177;78m [48;2;98;177;78m [48;2;98;178;78m[38;2;98;177;78m▄[48;2;98;179;78m[38;2;98;177;78m▄[48;2;98;179;78m[38;2;98;177;78m▄[48;2;99;179;78m[38;2;98;177;78m▄[48;2;98;179;78m[38;2;98;177;78m▄[48;2;98;178;78m[38;2;98;177;78m▄[48;2;98;178;78m[38;2;98;177;78m▄[48;2;98;178;78m[38;2;98;177;78m▄[48;2;98;179;78m[38;2;98;177;78m▄[48;2;97;177;77m[38;2;98;177;78m▄[48;2;98;177;78m [48;2;98;177;78m [48;2;98;177;78m[38;2;98;176;78m▄[48;2;98;177;78m[38;2;99;179;78m▄[48;2;98;177;78m[38;2;93;169;74m▄[48;2;98;177;78m[38;2;56;106;44m▄[48;2;96;174;77m[38;2;16;31;13m▄[48;2;68;126;54m[38;2;58;58;58m▄[0m[38;2;28;50;23m▀[38;2;20;22;20m▀[0m
                     [38;2;41;52;39m▀[38;2;39;76;30m▀[38;2;73;136;57m▀[48;2;90;162;72m[38;2;96;100;95m▄[48;2;99;175;79m[38;2;60;69;58m▄[48;2;98;177;78m[38;2;46;59;43m▄[48;2;98;177;78m[38;2;32;51;27m▄[48;2;98;178;78m[38;2;28;50;23m▄[48;2;98;178;78m[38;2;28;55;22m▄[48;2;98;178;78m[38;2;35;64;28m▄[48;2;98;177;78m[38;2;41;75;33m▄[48;2;98;177;78m[38;2;50;89;41m▄[48;2;98;177;77m[38;2;54;89;45m▄[48;2;98;177;77m[38;2;53;89;44m▄[48;2;98;177;78m[38;2;49;86;39m▄[48;2;98;177;78m[38;2;45;83;36m▄[48;2;98;177;78m[38;2;40;74;32m▄[48;2;98;177;78m[38;2;35;64;28m▄[48;2;98;178;78m[38;2;39;60;33m▄[48;2;90;163;71m[38;2;55;61;53m▄[0m[38;2;53;97;41m▀[38;2;24;44;19m▀[38;2;36;41;35m▀[0m

      [1;32m/---------------------------------------------------------------------------\
      |                             [1;34mDo you like PEASS?[1;32m                            |
      |---------------------------------------------------------------------------| 
      |         [1;33mBecome a Patreon[1;32m    :     [1;31mhttps://www.patreon.com/peass[1;32m           |
      |         [1;33mFollow on Twitter[1;32m   :     [1;31m@carlospolopm[1;32m                           |
      |         [1;33mRespect on HTB[1;32m      :     [1;31mSirBroccoli & makikvues[1;32m                 |
      |---------------------------------------------------------------------------|
      |                                 [1;34mThank you! [1;32m                               |
      \---------------------------------------------------------------------------/
[1;34m        linpeas-ng [1;33mby carlospolop
[0m
[1;33mADVISORY: [1;34mThis script should be used for authorized penetration testing and/or educational purposes only. Any misuse of this software will not be the responsibility of the author or of any other collaborator. Use it at your own networks and/or with the network owner's permission.
[0m
[1;34mLinux Privesc Checklist: [1;33mhttps://book.hacktricks.xyz/linux-unix/linux-privilege-escalation-checklist
[0m [1;4mLEGEND[0m:
  [1;31;103mRED/YELLOW[0m: 95% a PE vector
  [1;31mRED[0m: You should take a look to it
  [1;96mLightCyan[0m: Users with console
  [1;34mBlue[0m: Users without console & mounted devs
  [1;32mGreen[0m: Common things (users, groups, SUID/SGID, mounts, .sh scripts, cronjobs) 
  [1;95mLightMagenta[0m: Your username

  [1;31;103mYOU ARE ALREADY ROOT!!![0m (it could take longer to complete execution)

 [1;90mStarting linpeas. Caching Writable Folders...[0m

[1;34m════════════════════════════════════╣ [1;32mBasic information[1;34m ╠════════════════════════════════════
[0m[1;37mOS: [0mLinux version 4.15.0-96-generic (buildd@lgw01-amd64-004) (gcc version 7.5.0 (Ubuntu 7.5.0-3ubuntu1~18.04)) #97-Ubuntu SMP Wed Apr 1 03:25:46 UTC 2020
[1;37mUser & Groups: [0muid=0[1;31m([1;95mroot[0m)[0m gid=0[1;31m([1;95mroot[0m)[0m groups=0[1;31m([1;95mroot[0m)[0m
[1;37mHostname: [0m6f1cb33f1781
[1;37mWritable folder: [0m/bin
[1;31m[-] No network discovery capabilities (fping or ping not found)
[0m[1;31m[-] No port scan capabilities (nc not found)
[0m

[1;32mCaching directories [0m[1;33mDONE
[0m
[1;34m════════════════════════════════════╣ [1;32mSystem Information[1;34m ╠════════════════════════════════════
[0m[1;34m╔══════════╣ [1;32mOperative system
[0m[1;34m╚ [1;34m[3mhttps://book.hacktricks.xyz/linux-unix/privilege-escalation#kernel-exploits
[0mLinux version 4.15.0-96-generic (buildd@lgw01-amd64-004) (gcc version 7.5.0 (Ubuntu 7.5.0-3ubuntu1~18.04)) #97-Ubuntu SMP Wed Apr 1 03:25:46 UTC 2020
[1;90mlsb_release Not Found
[0m
[1;34m╔══════════╣ [1;32mSudo version
[0m[1;34m╚ [1;34m[3mhttps://book.hacktricks.xyz/linux-unix/privilege-escalation#sudo-version
[0mSudo version [1;31m1.8.27[0m

[1;34m╔══════════╣ [1;32mUSBCreator
[0m[1;34m╚ [1;34m[3mhttps://book.hacktricks.xyz/linux-unix/privilege-escalation/d-bus-enumeration-and-command-injection-privilege-escalation
[0m
[1;34m╔══════════╣ [1;32mPATH
[0m[1;34m╚ [1;34m[3mhttps://book.hacktricks.xyz/linux-unix/privilege-escalation#writable-path-abuses
[0m[1;31;103m/usr/local/sbin[0m:[1;31;103m/usr/local/bin[0m:[1;31;103m/usr/sbin[0m:[1;31;103m/usr/bin[0m:[1;31;103m/sbin[0m:[1;31;103m/bin[0m
New path exported: [1;31;103m/usr/local/sbin[0m:[1;31;103m/usr/local/bin[0m:[1;31;103m/usr/sbin[0m:[1;31;103m/usr/bin[0m:[1;31;103m/sbin[0m:[1;31;103m/bin[0m

[1;34m╔══════════╣ [1;32mDate & uptime
[0mMon Oct 18 17:07:05 UTC 2021
 17:07:05 up 59 min,  0 users,  load average: 0.05, 0.06, 0.01

[1;34m╔══════════╣ [1;32mSystem stats
[0mFilesystem      Size  Used Avail Use% Mounted on
overlay         9.8G  5.3G  4.0G  57% /
tmpfs            64M     0   64M   0% /dev
tmpfs           490M     0  490M   0% /sys/fs/cgroup
shm              64M     0   64M   0% /dev/shm
/dev/xvda2      9.8G  5.3G  4.0G  57% /opt/backups
tmpfs           490M     0  490M   0% /proc/acpi
tmpfs           490M     0  490M   0% /proc/scsi
tmpfs           490M     0  490M   0% /sys/firmware
              total        used        free      shared  buff/cache   available
Mem:        1002728      179088      271736        1020      551904      642796
Swap:             0           0           0

[1;34m╔══════════╣ [1;32mCPU info
[0mArchitecture:        x86_64
CPU op-mode(s):      32-bit, 64-bit
Byte Order:          Little Endian
Address sizes:       46 bits physical, 48 bits virtual
CPU(s):              1
On-line CPU(s) list: 0
Thread(s) per core:  1
Core(s) per socket:  1
Socket(s):           1
NUMA node(s):        1
Vendor ID:           GenuineIntel
CPU family:          6
Model:               63
Model name:          Intel(R) Xeon(R) CPU E5-2676 v3 @ 2.40GHz
Stepping:            2
CPU MHz:             2400.006
BogoMIPS:            4800.03
Hypervisor vendor:   Xen
Virtualization type: full
L1d cache:           32K
L1i cache:           32K
L2 cache:            256K
L3 cache:            30720K
NUMA node0 CPU(s):   0
Flags:               fpu vme de pse tsc msr pae mce cx8 apic sep mtrr pge mca cmov pat pse36 clflush mmx fxsr sse sse2 ht syscall nx rdtscp lm constant_tsc rep_good nopl xtopology cpuid pni pclmulqdq ssse3 fma cx16 pcid sse4_1 sse4_2 x2apic movbe popcnt tsc_deadline_timer aes xsave avx f16c rdrand hypervisor lahf_lm abm cpuid_fault invpcid_single pti fsgsbase bmi1 avx2 smep bmi2 erms invpcid xsaveopt

[1;34m╔══════════╣ [1;32mEnvironment
[0m[1;34m╚ [1;34m[3mAny private information inside environment variables?
[0mSUDO_GID=33
HISTFILESIZE=0
MAIL=/var/mail/root
USER=root
HOSTNAME=6f1cb33f1781
HOME=/root
OLD[1;31mPWD[0m=/root
SUDO_UID=33
LOGNAME=root
TERM=xterm
PATH=/usr/local/sbin:/usr/local/bin:/usr/sbin:/usr/bin:/sbin:/bin
LANG=C
HISTSIZE=0
SUDO_COMMAND=/usr/bin/env /bin/sh
SHELL=/bin/bash
SUDO_USER=www-data
[1;31mPWD[0m=/var/www/html
HISTFILE=/dev/null

[1;34m╔══════════╣ [1;32mSearching Signature verification failed in dmseg
[0m[1;34m╚ [1;34m[3mhttps://book.hacktricks.xyz/linux-unix/privilege-escalation#dmesg-signature-verification-failed
[0m[1;90mdmesg Not Found
[0m
[1;34m╔══════════╣ [1;32mProtections
[0m[1;34m═╣ [1;32mAppArmor enabled? .............. [0m[0m[1;90mAppArmor Not Found
[0m[1;34m═╣ [1;32mgrsecurity present? ............ [0m[0m[1;90mgrsecurity Not Found
[0m[1;34m═╣ [1;32mPaX bins present? .............. [0m[0m[1;90mPaX Not Found
[0m[1;34m═╣ [1;32mExecshield enabled? ............ [0m[0m[1;90mExecshield Not Found
[0m[1;34m═╣ [1;32mSELinux enabled? ............... [0m[0m[1;90msestatus Not Found
[0m[1;34m═╣ [1;32mIs ASLR enabled? ............... [0m[0m[1;32mYes[0m
[1;34m═╣ [1;32mPrinter? ....................... [0m[0m[1;90mNo
[0m[1;34m═╣ [1;32mIs this a virtual machine? ..... [0m[0m[1;31mYes[0m

[1;34m════════════════════════════════════╣ [1;32mContainers[1;34m ╠════════════════════════════════════
[0m[1;34m╔══════════╣ [1;32mContainer related tools present
[0m[1;34m╔══════════╣ [1;32mContainer details
[0m[1;34m═╣ [1;32mIs this a container? ...........[0m docker
[0m[1;34m═╣ [1;32mAny running containers? ........ [0m[0m[1;90mNo
[0m[1;34m╔══════════╣ [1;32mDocker Container details
[0m[1;34m═╣ [1;32mAm I inside Docker group .......[0m No
[0m[1;34m═╣ [1;32mLooking and enumerating Docker Sockets
[0m[0m[1;34m═╣ [1;32mDocker version .................[0m[1;90m Not Found
[0m[0m[1;34m═╣ [1;32mVulnerable to CVE-2019-5736 ....[0m[1;90m Not Found
[0m[0m[0m[1;34m═╣ [1;32mVulnerable to CVE-2019-13139 ...[0m[1;90m Not Found
[0m[0m[0m[1;34m═╣ [1;32mRootless Docker? ................ [1;31mNo[0m
[0m[0m
[1;34m╔══════════╣ [1;32mContainer & breakout enumeration
[0m[1;34m╚ [1;34m[3mhttps://book.hacktricks.xyz/linux-unix/privilege-escalation/docker-breakout
[0m[1;34m═╣ [1;32mContainer ID ...................[0m 6f1cb33f1781[0m[1;34m═╣ [1;32mContainer Full ID ..............[0m 6f1cb33f178163ce51a5b6c550765332853c55f1d295cd30b5a53a7683810ee8
[0m[1;34m═╣ [1;32mVulnerable to CVE-2019-5021 .. [1;90mNo
[0m
[0m[0m
[1;34m╔══════════╣ [1;32mContainer Capabilities
[0m
[1;34m╔══════════╣ [1;32mPrivilege Mode
[0mPrivilege Mode is [1;32mdisabled[0m

[1;34m╔══════════╣ [1;32mInteresting Files Mounted
[0m/root/container/backup /opt/backups rw,relatime - ext4 /dev/xvda2 rw,data=ordered

[1;34m╔══════════╣ [1;32mPossible Entrypoints
[0m

[1;34m════════════════════════════════════╣ [1;32mDevices[1;34m ╠════════════════════════════════════
[0m[1;34m╔══════════╣ [1;32mAny sd*/disk* disk in /dev? (limit 20)
[0m
[1;34m╔══════════╣ [1;32mUnmounted file-system?
[0m[1;34m╚ [1;34m[3mCheck if you can mount umounted devices
[0m
[1;34m╔══════════╣ [1;32mMounted disks information
[0m[1;90mdiskutil Not Found
[0m
[1;34m╔══════════╣ [1;32mMounted SMB Shares
[0m[1;90msmbutil Not Found
[0m

[1;34m════════════════════════════════════╣ [1;32mAvailable Software[1;34m ╠════════════════════════════════════
[0m[1;34m╔══════════╣ [1;32mUseful software
[0m
[1;34m╔══════════╣ [1;32mInstalled Compiler
[0mii  g++                           4:8.3.0-1                   amd64        GNU C++ compiler
ii  g++-8                         8.3.0-6                     amd64        GNU C++ compiler
ii  gcc                           4:8.3.0-1                   amd64        GNU C compiler
ii  gcc-8                         8.3.0-6                     amd64        GNU C compiler
/usr/bin/gcc


[1;34m════════════════════════════════════╣ [1;32mProcesses, Cron, Services, Timers & Sockets[1;34m ╠════════════════════════════════════
[0m[1;34m╔══════════╣ [1;32mCleaned processes
[0m[1;34m╚ [1;34m[3mCheck weird & unexpected proceses run by root: https://book.hacktricks.xyz/linux-unix/privilege-escalation#processes
[0m[1;95m[1;31mroot[0m[0m         1  0.1  2.4  83304 24188 ?        Ss   16:08   0:03 [1;32m[1;31mapache2[0m[0m -DFOREGROUND
[1;34m[1;32mwww-data[0m[0m    22  0.0  1.1  83500 12020 ?        S    16:09   0:00 [1;32m[1;31mapache2[0m[0m -DFOREGROUND
[1;34m[1;32mwww-data[0m[0m 10304  0.0  0.0   2388   760 ?        S    17:05   0:00  _ sh -c uname -a; w; id; [1;31m/bin[0m[1;31m/[0msh -i
[1;34m[1;32mwww-data[0m[0m 10308  0.0  0.0   2388   760 ?        S    17:05   0:00      _ [1;31m/bin[0m[1;31m/[0msh -i
[1;95m[1;31mroot[0m[0m     10315  0.0  0.3   6596  3040 ?        S    17:05   0:00          _ sudo [1;31m/usr/bin[0m[1;31m/[0menv [1;31m/bin[0m[1;31m/[0msh
[1;95m[1;31mroot[0m[0m     10316  0.0  0.1   2388  1596 ?        S    17:05   0:00              _ [1;31m/bin[0m[1;31m/[0msh
[1;95m[1;31mroot[0m[0m     10346  0.6  0.2   3068  2308 ?        S    17:07   0:00                  _ [1;31m/bin[0m[1;31m/[0msh .[1;31m/[0menum.sh
[1;95m[1;31mroot[0m[0m     11477  0.0  0.0   3068   808 ?        S    17:07   0:00                  |   _ [1;31m/bin[0m[1;31m/[0msh .[1;31m/[0menum.sh
[1;95m[1;31mroot[0m[0m     11481  0.0  0.2   7640  2664 ?        R    17:07   0:00                  |   |   _ ps faux[1;32mwww[0m
[1;95m[1;31mroot[0m[0m     11480  0.0  0.0   3068   808 ?        S    17:07   0:00                  |   _ [1;31m/bin[0m[1;31m/[0msh .[1;31m/[0menum.sh
[1;95m[1;31mroot[0m[0m     10347  0.0  0.0   2300   684 ?        S    17:07   0:00                  _ tee linpeas-enum.log
[1;34m[1;32mwww-data[0m[0m    23  0.0  1.1  83500 11452 ?        S    16:09   0:00 [1;32m[1;31mapache2[0m[0m -DFOREGROUND
[1;34m[1;32mwww-data[0m[0m    24  0.0  1.2  83500 12056 ?        S    16:09   0:00 [1;32m[1;31mapache2[0m[0m -DFOREGROUND
[1;34m[1;32mwww-data[0m[0m    25  0.0  1.1  83500 12000 ?        S    16:09   0:00 [1;32m[1;31mapache2[0m[0m -DFOREGROUND
[1;34m[1;32mwww-data[0m[0m    26  0.0  1.1  83500 11948 ?        S    16:09   0:00 [1;32m[1;31mapache2[0m[0m -DFOREGROUND
[1;34m[1;32mwww-data[0m[0m    27  0.0  1.1  83384 11256 ?        S    16:09   0:00 [1;32m[1;31mapache2[0m[0m -DFOREGROUND
[1;34m[1;32mwww-data[0m[0m   318  0.0  1.1  83500 11300 ?        S    16:32   0:00 [1;32m[1;31mapache2[0m[0m -DFOREGROUND

[1;34m╔══════════╣ [1;32mBinary processes permissions
[0m[1;34m╚ [1;34m[3mhttps://book.hacktricks.xyz/linux-unix/privilege-escalation#processes
[0mlrwxrwxrwx 1 [1;31m[1;32mroot[0m[0m root 4 Feb 24  2020 [1;31;103m/bin[0m[1;31;103m/[0msh -> dash

[1;34m╔══════════╣ [1;32mProcesses with credentials in memory (root req)
[0m[1;34m╚ [1;34m[3mhttps://book.hacktricks.xyz/linux-unix/privilege-escalation#credentials-from-process-memory
[0m[1;90mgdm-password Not Found
[0m[1;90mgnome-keyring-daemon Not Found
[0m[1;90mlightdm Not Found
[0m[1;90mvsftpd Not Found
[0m[1;31mapache2[0m process found (dump creds from memory as root)
[1;90msshd Not Found
[0m
[1;34m╔══════════╣ [1;32mCron jobs
[0m[1;34m╚ [1;34m[3mhttps://book.hacktricks.xyz/linux-unix/privilege-escalation#scheduled-cron-jobs
[0m[1;90mcrontab Not Found
[0m[1;90mincrontab Not Found
[0m[1;32m[0m/[1;32m[0me[1;32m[0mt[1;32m[0mc[1;32m[0m/[1;32m[0mc[1;32m[0mr[1;32m[0mo[1;32m[0mn[1;32m[0m.[1;32m[0md[1;32m[0ma[1;32m[0mi[1;32m[0ml[1;32m[0my[1;32m[0m:[1;32m[0m
[1;32m[0mt[1;32m[0mo[1;32m[0mt[1;32m[0ma[1;32m[0ml[1;32m[0m [1;32m[0m2[1;32m[0m4[1;32m[0m
[1;32m[0md[1;32m[0mr[1;32m[0mw[1;32m[0mx[1;32m[0mr[1;32m[0m-[1;32m[0mx[1;32m[0mr[1;32m[0m-[1;32m[0mx[1;32m[0m [1;32m[0m1[1;32m[0m [1;32m[0mr[1;32m[0mo[1;32m[0mo[1;32m[0mt[1;32m[0m [1;32m[0mr[1;32m[0mo[1;32m[0mo[1;32m[0mt[1;32m[0m [1;32m[0m4[1;32m[0m0[1;32m[0m9[1;32m[0m6[1;32m[0m [1;32m[0mF[1;32m[0me[1;32m[0mb[1;32m[0m [1;32m[0m2[1;32m[0m6[1;32m[0m [1;32m[0m [1;32m[0m2[1;32m[0m0[1;32m[0m2[1;32m[0m0[1;32m[0m [1;32m[0m.[1;32m[0m
[1;32m[0md[1;32m[0mr[1;32m[0mw[1;32m[0mx[1;32m[0mr[1;32m[0m-[1;32m[0mx[1;32m[0mr[1;32m[0m-[1;32m[0mx[1;32m[0m [1;32m[0m1[1;32m[0m [1;32m[0mr[1;32m[0mo[1;32m[0mo[1;32m[0mt[1;32m[0m [1;32m[0mr[1;32m[0mo[1;32m[0mo[1;32m[0mt[1;32m[0m [1;32m[0m4[1;32m[0m0[1;32m[0m9[1;32m[0m6[1;32m[0m [1;32m[0mO[1;32m[0mc[1;32m[0mt[1;32m[0m [1;32m[0m1[1;32m[0m8[1;32m[0m [1;32m[0m1[1;32m[0m6[1;32m[0m:[1;32m[0m0[1;32m[0m8[1;32m[0m [1;32m[0m.[1;32m[0m.[1;32m[0m
[1;32m[0m-[1;32m[0mr[1;32m[0mw[1;32m[0mx[1;32m[0mr[1;32m[0m-[1;32m[0mx[1;32m[0mr[1;32m[0m-[1;32m[0mx[1;32m[0m [1;32m[0m1[1;32m[0m [1;32m[0mr[1;32m[0mo[1;32m[0mo[1;32m[0mt[1;32m[0m [1;32m[0mr[1;32m[0mo[1;32m[0mo[1;32m[0mt[1;32m[0m [1;32m[0m [1;32m[0m5[1;32m[0m3[1;32m[0m9[1;32m[0m [1;32m[0mA[1;32m[0mp[1;32m[0mr[1;32m[0m [1;32m[0m [1;32m[0m2[1;32m[0m [1;32m[0m [1;32m[0m2[1;32m[0m0[1;32m[0m1[1;32m[0m9[1;32m[0m [1;32mapache2[0m
[1;32m[0m-[1;32m[0mr[1;32m[0mw[1;32m[0mx[1;32m[0mr[1;32m[0m-[1;32m[0mx[1;32m[0mr[1;32m[0m-[1;32m[0mx[1;32m[0m [1;32m[0m1[1;32m[0m [1;32m[0mr[1;32m[0mo[1;32m[0mo[1;32m[0mt[1;32m[0m [1;32m[0mr[1;32m[0mo[1;32m[0mo[1;32m[0mt[1;32m[0m [1;32m[0m1[1;32m[0m4[1;32m[0m7[1;32m[0m8[1;32m[0m [1;32m[0mM[1;32m[0ma[1;32m[0my[1;32m[0m [1;32m[0m2[1;32m[0m8[1;32m[0m [1;32m[0m [1;32m[0m2[1;32m[0m0[1;32m[0m1[1;32m[0m9[1;32m[0m [1;32mapt-compat[0m
[1;32m[0m-[1;32m[0mr[1;32m[0mw[1;32m[0mx[1;32m[0mr[1;32m[0m-[1;32m[0mx[1;32m[0mr[1;32m[0m-[1;32m[0mx[1;32m[0m [1;32m[0m1[1;32m[0m [1;32m[0mr[1;32m[0mo[1;32m[0mo[1;32m[0mt[1;32m[0m [1;32m[0mr[1;32m[0mo[1;32m[0mo[1;32m[0mt[1;32m[0m [1;32m[0m1[1;32m[0m1[1;32m[0m8[1;32m[0m7[1;32m[0m [1;32m[0mA[1;32m[0mp[1;32m[0mr[1;32m[0m [1;32m[0m1[1;32m[0m9[1;32m[0m [1;32m[0m [1;32m[0m2[1;32m[0m0[1;32m[0m1[1;32m[0m9[1;32m[0m [1;32mdpkg[0m
[1;32m[0m-[1;32m[0mr[1;32m[0mw[1;32m[0mx[1;32m[0mr[1;32m[0m-[1;32m[0mx[1;32m[0mr[1;32m[0m-[1;32m[0mx[1;32m[0m [1;32m[0m1[1;32m[0m [1;32m[0mr[1;32m[0mo[1;32m[0mo[1;32m[0mt[1;32m[0m [1;32m[0mr[1;32m[0mo[1;32m[0mo[1;32m[0mt[1;32m[0m [1;32m[0m [1;32m[0m2[1;32m[0m4[1;32m[0m9[1;32m[0m [1;32m[0mS[1;32m[0me[1;32m[0mp[1;32m[0m [1;32m[0m2[1;32m[0m7[1;32m[0m [1;32m[0m [1;32m[0m2[1;32m[0m0[1;32m[0m1[1;32m[0m7[1;32m[0m [1;32mpasswd[0m

[1;34m╔══════════╣ [1;32mServices
[0m[1;34m╚ [1;34m[3mSearch for outdated versions
[0m [ - ]  apache-htcacheclean
 [ + ]  apache2
 [ - ]  procps
 [ - ]  sudo

[1;34m╔══════════╣ [1;32mSystemd PATH
[0m[1;34m╚ [1;34m[3mhttps://book.hacktricks.xyz/linux-unix/privilege-escalation#systemd-path-relative-paths
[0m
[1;34m╔══════════╣ [1;32mAnalyzing .service files
[0m[1;34m╚ [1;34m[3mhttps://book.hacktricks.xyz/linux-unix/privilege-escalation#services
[0m[1;32mYou can't write on systemd PATH[0m

[1;34m╔══════════╣ [1;32mSystem timers
[0m[1;34m╚ [1;34m[3mhttps://book.hacktricks.xyz/linux-unix/privilege-escalation#timers
[0m
[1;34m╔══════════╣ [1;32mAnalyzing .timer files
[0m[1;34m╚ [1;34m[3mhttps://book.hacktricks.xyz/linux-unix/privilege-escalation#timers
[0m
[1;34m╔══════════╣ [1;32mAnalyzing .socket files
[0m[1;34m╚ [1;34m[3mhttps://book.hacktricks.xyz/linux-unix/privilege-escalation#sockets
[0m
[1;34m╔══════════╣ [1;32mHTTP sockets
[0m[1;34m╚ [1;34m[3mhttps://book.hacktricks.xyz/linux-unix/privilege-escalation#sockets
[0m
[1;34m╔══════════╣ [1;32mD-Bus config files
[0m[1;34m╚ [1;34m[3mhttps://book.hacktricks.xyz/linux-unix/privilege-escalation#d-bus
[0m
[1;34m╔══════════╣ [1;32mD-Bus Service Objects list
[0m[1;34m╚ [1;34m[3mhttps://book.hacktricks.xyz/linux-unix/privilege-escalation#d-bus
[0m[1;90mbusctl Not Found
[0m

[1;34m════════════════════════════════════╣ [1;32mNetwork Information[1;34m ╠════════════════════════════════════
[0m[1;34m╔══════════╣ [1;32mHostname, hosts and DNS
[0m6f1cb33f1781
127.0.0.1	localhost
::1	localhost ip6-localhost ip6-loopback
fe00::0	ip6-localnet
ff00::0	ip6-mcastprefix
ff02::1	ip6-allnodes
ff02::2	ip6-allrouters
172.17.0.2	6f1cb33f1781

nameserver 10.0.0.2
search eu-west-1.compute.internal

[1;34m╔══════════╣ [1;32mContent of /etc/inetd.conf & /etc/xinetd.conf
[0m[1;90m/etc/inetd.conf Not Found
[0m
[1;34m╔══════════╣ [1;32mInterfaces
[0m
[1;34m╔══════════╣ [1;32mNetworks and neighbours
[0mIface	Destination	Gateway 	Flags	RefCnt	Use	Metric	Mask		MTU	Window	IRTT                                                       
eth0	00000000	010011AC	0003	0	0	0	00000000	0	0	0                                                                               
eth0	000011AC	00000000	0001	0	0	0	0000FFFF	0	0	0                                                                               
IP address       HW type     Flags       HW address            Mask     Device
172.17.0.1       0x1         0x2         02:42:2d:86:06:04     *        eth0

[1;34m╔══════════╣ [1;32mIptables rules
[0m[1;90miptables rules Not Found
[0m
[1;34m╔══════════╣ [1;32mActive Ports
[0m[1;34m╚ [1;34m[3mhttps://book.hacktricks.xyz/linux-unix/privilege-escalation#open-ports
[0m
[1;34m╔══════════╣ [1;32mCan I sniff with tcpdump?
[0m[1;90mNo
[0m

[1;34m════════════════════════════════════╣ [1;32mUsers Information[1;34m ╠════════════════════════════════════
[0m[1;34m╔══════════╣ [1;32mMy user
[0m[1;34m╚ [1;34m[3mhttps://book.hacktricks.xyz/linux-unix/privilege-escalation#users
[0muid=0[1;31m([1;95m[1;31mroot[0m[0m)[0m gid=0[1;31m([1;95mroot[0m)[0m groups=0[1;31m([1;95mroot[0m)[0m

[1;34m╔══════════╣ [1;32mDo I have PGP keys?
[0m[1;90mgpg Not Found
[0m[1;90mnetpgpkeys Not Found
[0m[1;90mnetpgp Not Found
[0m
[1;34m╔══════════╣ [1;32mClipboard or highlighted text?
[0m[1;90mxsel and xclip Not Found
[0m
[1;34m╔══════════╣ [1;32mChecking 'sudo -l', /etc/sudoers, and /etc/sudoers.d
[0m[1;34m╚ [1;34m[3mhttps://book.hacktricks.xyz/linux-unix/privilege-escalation#sudo-and-suid
[0mMatching Defaults entries for [1;31mroot[0m on 6f1cb33f1781:
    env_reset, mail_badpass, secure_path=/usr/local/sbin\:/usr/local/bin\:/usr/sbin\:/usr/bin\:/sbin\:/bin

User [1;31mroot[0m may run the following commands on 6f1cb33f1781:
    ([1;31mALL : ALL[0m) [1;31mALL[0m
/etc/sudoers:Defaults	env_reset
/etc/sudoers:Defaults	mail_badpa[1;31;103mss[0m
/etc/sudoers:Defaults	secure_path="/usr/local/sbin:/usr/local/bin:/usr/sbin:/usr/bin:/sbin:/bin"
/etc/sudoers:[1;31mroot[0m	[1;31mALL[0m=([1;31mALL:ALL[0m) [1;31mALL[0m
/etc/sudoers:%sudo	[1;31mALL[0m=([1;31mALL:ALL[0m) [1;31mALL[0m
/etc/sudoers:www-data [1;31mALL[0m = [1;31mNOPASSWD[0m: /usr/bin/[1;31;103menv[0m

[1;34m╔══════════╣ [1;32mChecking sudo tokens
[0m[1;34m╚ [1;34m[3mhttps://book.hacktricks.xyz/linux-unix/privilege-escalation#reusing-sudo-tokens
[0m/proc/sys/kernel/yama/ptrace_scope [1;32mis not enabled[0m (1)
[1;32mgdb[0m wasn't found in PATH

[1;34m╔══════════╣ [1;32mChecking doas.conf
[0m[1;90mdoas.conf Not Found
[0m
[1;34m╔══════════╣ [1;32mChecking Pkexec policy
[0m[1;34m╚ [1;34m[3mhttps://book.hacktricks.xyz/linux-unix/privilege-escalation/interesting-groups-linux-pe#pe-method-2
[0m
[1;34m╔══════════╣ [1;32mSuperusers
[0m[1;31;103m[1;31mroot[0m[0m:x:0:0:root:/root:/bin/bash

[1;34m╔══════════╣ [1;32mUsers with console
[0m[1;95m[1;31mroot[0m[0m:x:0:0:root:/root:/bin/bash

[1;34m╔══════════╣ [1;32mAll users & groups
[0muid=0[1;31m([1;95m[1;31mroot[0m[0m)[0m gid=0[1;31m([1;95mroot[0m)[0m groups=0[1;31m([1;95mroot[0m)[0m
uid=1([1;34m[1;32mdaemon[0m[0m) gid=1([1;34m[1;32mdaemon[0m[0m) groups=1([1;34m[1;32mdaemon[0m[0m)
uid=10([1;34muucp[0m) gid=10([1;34muucp[0m) groups=10([1;34muucp[0m)
uid=100([1;34m_apt[0m) gid=65534[1;32m(nogroup)[0m groups=65534[1;32m(nogroup)[0m
uid=13([1;34mproxy[0m) gid=13([1;34mproxy[0m) groups=13([1;34mproxy[0m)
uid=2(bin) gid=2(bin) groups=2(bin)
uid=3([1;34msys[0m) gid=3([1;34msys[0m) groups=3([1;34msys[0m)
uid=33([1;34m[1;32mwww-data[0m[0m) gid=33([1;34m[1;32mwww-data[0m[0m) groups=33([1;34m[1;32mwww-data[0m[0m)
uid=34([1;34mbackup[0m) gid=34([1;34mbackup[0m) groups=34([1;34mbackup[0m)
uid=38([1;34mlist[0m) gid=38([1;34mlist[0m) groups=38([1;34mlist[0m)
uid=39([1;34mirc[0m) gid=39([1;34mirc[0m) groups=39([1;34mirc[0m)
uid=4([1;34msync[0m) gid=65534[1;32m(nogroup)[0m groups=65534[1;32m(nogroup)[0m
uid=41([1;34mgnats[0m) gid=41([1;34mgnats[0m) groups=41([1;34mgnats[0m)
uid=5([1;34mgames[0m) gid=60([1;34mgames[0m) groups=60([1;34mgames[0m)
uid=6([1;34mman[0m) gid=12([1;34mman[0m) groups=12([1;34mman[0m)
uid=65534([1;34mnobody[0m) gid=65534[1;32m(nogroup)[0m groups=65534[1;32m(nogroup)[0m
uid=7([1;34mlp[0m) gid=7([1;34mlp[0m) groups=7([1;34mlp[0m)
uid=8([1;34m[1;32mmail[0m[0m) gid=8([1;34m[1;32mmail[0m[0m) groups=8([1;34m[1;32mmail[0m[0m)
uid=9([1;34mnews[0m) gid=9([1;34mnews[0m) groups=9([1;34mnews[0m)

[1;34m╔══════════╣ [1;32mLogin now
[0m 17:07:06 up 59 min,  0 users,  load average: 0.05, 0.06, 0.01
USER     TTY      FROM             LOGIN@   IDLE   JCPU   PCPU WHAT

[1;34m╔══════════╣ [1;32mLast logons
[0m
wtmp begins Tue Mar 10 19:17:38 2020

[1;34m╔══════════╣ [1;32mLast time logon each user
[0mUsername         Port     From             Latest

[1;34m╔══════════╣ [1;32mPassword policy
[0mPASS_MAX_DAYS	99999
PASS_MIN_DAYS	0
PASS_WARN_AGE	7
ENCRYPT_METHOD SHA512

[1;34m╔══════════╣ [1;32mDo not forget to test 'su' as any other user with shell: without password and with their names as password (I can't do it...)
[0m
[0m[1;34m╔══════════╣ [1;32mDo not forget to execute 'sudo -l' without password or with valid password (if you know it)!!
[0m
[0m

[1;34m════════════════════════════════════╣ [1;32mSoftware Information[1;34m ╠════════════════════════════════════
[0m[1;34m╔══════════╣ [1;32mMySQL version
[0m[1;90mmysql Not Found
[0m
[1;34m═╣ [1;32mMySQL connection using default root/root ........... [0m[1;90mNo
[0m[1;34m═╣ [1;32mMySQL connection using root/toor ................... [0m[1;90mNo
[0m[1;34m═╣ [1;32mMySQL connection using root/NOPASS ................. [0m[1;90mNo
[0m[1;34m╔══════════╣ [1;32mSearching mysql credentials and exec
[0m[1;90m Not Found
[0m
[1;34m╔══════════╣ [1;32mAnalyzing MariaDB Files (limit 70)
[0m[1;90mmariadb.cnf Not Found
[0m
[1;90mdebian.cnf Not Found
[0m
[1;34m╔══════════╣ [1;32mAnalyzing PostgreSQL Files (limit 70)
[0mVersion: [1;90mpsql Not Found
[0m
[1;90mpgadmin*.db Not Found
[0m
[1;90mpg_hba.conf Not Found
[0m
[1;90mpostgresql.conf Not Found
[0m
[1;90mpgsql.conf Not Found
[0m
[1;34m═╣ [1;32mPostgreSQL connection to template0 using postgres/NOPASS ........ [0m[1;90mNo
[0m[1;34m═╣ [1;32mPostgreSQL connection to template1 using postgres/NOPASS ........ [0m[1;90mNo
[0m[1;34m═╣ [1;32mPostgreSQL connection to template0 using pgsql/NOPASS ........... [0m[1;90mNo
[0m[1;34m═╣ [1;32mPostgreSQL connection to template1 using pgsql/NOPASS ........... [0m[1;90mNo
[0m
[1;34m╔══════════╣ [1;32mAnalyzing Mongo Files (limit 70)
[0mVersion: [1;90mmongo Not Found
[0m[1;90mmongod Not Found
[0m
[1;90mmongod*.conf Not Found
[0m
[1;34m╔══════════╣ [1;32mAnalyzing Apache Files (limit 70)
[0mVersion: Server version: Apache/2.4.38 (Debian)
Server built:   2019-10-15T19:53:42
[1;90mhttpd Not Found
[0m
[1;34m══╣ [1;32mPHP exec extensions
[0m/etc/apache2/conf-enabled/docker-php.conf-<FilesMatch \.php$>
/etc/apache2/conf-enabled/docker-php.conf:	SetHandler application/x-httpd-php
--
/etc/apache2/conf-available/docker-php.conf-<FilesMatch \.php$>
/etc/apache2/conf-available/docker-php.conf:	SetHandler application/x-httpd-php
drwxr-xr-x 2 root root 4096 Feb 26  2020 /etc/apache2/[1;31msites-enabled[0m
[1;31mdrwxr-xr-x 2 root root 4096 Feb 26  2020 /etc/apache2/sites-enabled[0m
[1;31mlrwxrwxrwx 1 root root 35 Feb 26  2020 /etc/apache2/sites-enabled/000-default.conf -> ../sites-available/000-default.conf[0m


lrwxrwxrwx 1 root root 35 Feb 26  2020 /etc/apache2/sites-enabled/000-default.conf -> ../sites-available/[1;31m000-default.conf[0m
<VirtualHost *:80>
	# The [1;31mServerName[0m directive sets the request scheme, hostname and port that
	# the server uses to identify itself. This is used when creating
	# redirection URLs. In the context of virtual hosts, the [1;31mServerName[0m
	# specifies what hostname must appear in the request's Host: header to
	# match this virtual host. For the default virtual host (this file) this
	# value is not decisive as it is used as a last resort host regardless.
	# However, you must set it for any further virtual host explicitly.
	#[1;31mServerName[0m www.example.com
	ServerAdmin webmaster@localhost
	DocumentRoot /var/www/html
	# Available loglevels: trace8, ..., trace1, debug, info, notice, warn,
	# error, crit, alert, emerg.
	# It is also possible to configure the loglevel for particular
	# modules, e.g.
	#LogLevel info ssl:warn
	ErrorLog ${APACHE_LOG_DIR}/error.log
	CustomLog ${APACHE_LOG_DIR}/access.log combined
	# For most configuration files from conf-available/, which are
	# enabled or disabled at a global level, it is possible to
	# include a line for only one particular virtual host. For example the
	# following line enables the CGI configuration for this host only
	# after it has been globally disabled with "a2disconf".
	#Include conf-available/serve-cgi-bin.conf
</VirtualHost>
# vim: syntax=apache ts=4 sw=4 sts=4 sr noet

[1;34m╔══════════╣ [1;32mAnalyzing Tomcat Files (limit 70)
[0m[1;90mtomcat-users.xml Not Found
[0m
[1;34m╔══════════╣ [1;32mAnalyzing FastCGI Files (limit 70)
[0m[1;90mfastcgi_params Not Found
[0m
[1;34m╔══════════╣ [1;32mAnalyzing Http conf Files (limit 70)
[0m[1;90mhttpd.conf Not Found
[0m
[1;34m╔══════════╣ [1;32mAnalyzing Htpasswd Files (limit 70)
[0m[1;90m.htpasswd Not Found
[0m
[1;34m╔══════════╣ [1;32mAnalyzing PHP Sessions Files (limit 70)
[0m[1;90m/var/lib/php/sessions Not Found
[0m[1;90msess_* Not Found
[0m
[1;34m╔══════════╣ [1;32mAnalyzing Wordpress Files (limit 70)
[0m[1;90mwp-config.php Not Found
[0m
[1;34m╔══════════╣ [1;32mAnalyzing Drupal Files (limit 70)
[0m[1;90msettings.php Not Found
[0m
[1;34m╔══════════╣ [1;32mAnalyzing Moodle Files (limit 70)
[0m[1;90mconfig.php Not Found
[0m
[1;34m╔══════════╣ [1;32mAnalyzing Supervisord Files (limit 70)
[0m[1;90msupervisord.conf Not Found
[0m
[1;34m╔══════════╣ [1;32mAnalyzing Cesi Files (limit 70)
[0m[1;90mcesi.conf Not Found
[0m
[1;34m╔══════════╣ [1;32mAnalyzing Rsync Files (limit 70)
[0m[1;90mrsyncd.conf Not Found
[0m
[1;90mrsyncd.secrets Not Found
[0m
[1;34m╔══════════╣ [1;32mAnalyzing Hostapd Files (limit 70)
[0m[1;90mhostapd.conf Not Found
[0m
[1;34m╔══════════╣ [1;32mSearching wifi conns file
[0m[1;90m Not Found
[0m
[1;34m╔══════════╣ [1;32mAnalyzing Anaconda ks Files (limit 70)
[0m[1;90manaconda-ks.cfg Not Found
[0m
[1;34m╔══════════╣ [1;32mAnalyzing VNC Files (limit 70)
[0m[1;90m.vnc Not Found
[0m
[1;90m*vnc*.c*nf* Not Found
[0m
[1;90m*vnc*.ini Not Found
[0m
[1;90m*vnc*.txt Not Found
[0m
[1;90m*vnc*.xml Not Found
[0m
[1;34m╔══════════╣ [1;32mAnalyzing Ldap Files (limit 70)
[0mThe password hash is from the {SSHA} to 'structural'
drwxr-xr-x 2 root root 4096 Feb 26  2020 /etc/[1;31mldap[0m


[1;34m╔══════════╣ [1;32mAnalyzing OpenVPN Files (limit 70)
[0m[1;90m*.ovpn Not Found
[0m
[1;34m╔══════════╣ [1;32mSearching ssl/ssh files
[0m[1;34m╔══════════╣ [1;32mAnalyzing SSH Files (limit 70)
[0m[1;90mid_dsa* Not Found
[0m
[1;90mid_rsa* Not Found
[0m
[1;90mknown_hosts Not Found
[0m
[1;90mauthorized_hosts Not Found
[0m
[1;90mauthorized_keys Not Found
[0m

[1;34m╔══════════╣ [1;32mSearching unexpected auth lines in /etc/pam.d/sshd
[0m[1;90mNo
[0m
[1;34m╔══════════╣ [1;32mNFS exports?
[0m[1;34m╚ [1;34m[3mhttps://book.hacktricks.xyz/linux-unix/privilege-escalation/nfs-no_root_squash-misconfiguration-pe
[0m[1;90m/etc/exports Not Found
[0m
[1;34m╔══════════╣ [1;32mSearching kerberos conf files and tickets
[0m[1;34m╚ [1;34m[3mhttps://book.hacktricks.xyz/pentesting/pentesting-kerberos-88#pass-the-ticket-ptt
[0m[1;90mtickets kerberos Not Found
[0m[1;90mklist Not Found
[0m
[1;34m╔══════════╣ [1;32mAnalyzing Knockd Files (limit 70)
[0m[1;90m*knockd* Not Found
[0m
[1;34m╔══════════╣ [1;32mAnalyzing Kibana Files (limit 70)
[0m[1;90mkibana.y*ml Not Found
[0m
[1;34m╔══════════╣ [1;32mAnalyzing Elasticsearch Files (limit 70)
[0mThe version is 
[1;90melasticsearch.y*ml Not Found
[0m
[1;34m╔══════════╣ [1;32mSearching logstash files
[0m[1;90m Not Found
[0m
[1;34m╔══════════╣ [1;32mSearching Vault-ssh files
[0m[1;90mvault-ssh-helper.hcl Not Found
[0m
[1;34m╔══════════╣ [1;32mSearching AD cached hashes
[0m[1;90mcached hashes Not Found
[0m
[1;34m╔══════════╣ [1;32mSearching screen sessions
[0m[1;34m╚ [1;34m[3mhttps://book.hacktricks.xyz/linux-unix/privilege-escalation#open-shell-sessions
[0m[1;90mscreen Not Found
[0m
[1;34m╔══════════╣ [1;32mSearching tmux sessions
[0m[1;34m╚ [1;34m[3mhttps://book.hacktricks.xyz/linux-unix/privilege-escalation#open-shell-sessions
[0m[1;90mtmux Not Found
[0m
[1;34m╔══════════╣ [1;32mAnalyzing CouchDB Files (limit 70)
[0m[1;90mcouchdb Not Found
[0m
[1;34m╔══════════╣ [1;32mAnalyzing Redis Files (limit 70)
[0m[1;90mredis.conf Not Found
[0m
[1;34m╔══════════╣ [1;32mSearching dovecot files
[0m[1;90mdovecot credentials Not Found
[0m
[1;34m╔══════════╣ [1;32mAnalyzing Mosquitto Files (limit 70)
[0m[1;90mmosquitto.conf Not Found
[0m
[1;34m╔══════════╣ [1;32mAnalyzing Neo4j Files (limit 70)
[0m[1;90mneo4j Not Found
[0m
[1;34m╔══════════╣ [1;32mAnalyzing Cloud Credentials Files (limit 70)
[0m[1;90mcredentials Not Found
[0m
[1;90mcredentials.db Not Found
[0m
[1;90mlegacy_credentials.db Not Found
[0m
[1;90maccess_tokens.db Not Found
[0m
[1;90maccess_tokens.json Not Found
[0m
[1;90maccessTokens.json Not Found
[0m
[1;90mazureProfile.json Not Found
[0m
[1;90mTokenCache.dat Not Found
[0m
[1;90mAzureRMContext.json Not Found
[0m
[1;90m.bluemix Not Found
[0m
[1;34m╔══════════╣ [1;32mAnalyzing Cloud Init Files (limit 70)
[0m[1;90mcloud.cfg Not Found
[0m
[1;34m╔══════════╣ [1;32mAnalyzing CloudFlare Files (limit 70)
[0m[1;90m.cloudflared Not Found
[0m
[1;34m╔══════════╣ [1;32mAnalyzing Erlang Files (limit 70)
[0m[1;90m.erlang.cookie Not Found
[0m
[1;34m╔══════════╣ [1;32mAnalyzing GMV Auth Files (limit 70)
[0m[1;90mgvm-tools.conf Not Found
[0m
[1;34m╔══════════╣ [1;32mAnalyzing IPSec Files (limit 70)
[0m[1;90mipsec.secrets Not Found
[0m
[1;90mipsec.conf Not Found
[0m
[1;34m╔══════════╣ [1;32mAnalyzing IRSSI Files (limit 70)
[0m[1;90m.irssi Not Found
[0m
[1;34m╔══════════╣ [1;32mAnalyzing Keyring Files (limit 70)
[0mdrwxr-xr-x 2 root root 4096 Feb 24  2020 /usr/share/[1;31mkeyrings[0m

[1;90m*.keyring Not Found
[0m
[1;90m*.keystore Not Found
[0m
[1;90m*.jks Not Found
[0m
[1;34m╔══════════╣ [1;32mAnalyzing Filezilla Files (limit 70)
[0m[1;90mfilezilla Not Found
[0m
[1;90mfilezilla.xml Not Found
[0m
[1;90mrecentservers.xml Not Found
[0m
[1;34m╔══════════╣ [1;32mAnalyzing Backup Manager Files (limit 70)
[0m[1;90mstorage.php Not Found
[0m
[1;90mdatabase.php Not Found
[0m
[1;34m╔══════════╣ [1;32mSearching uncommon passwd files (splunk)
[0mpasswd file: [1;31m/etc/pam.d/passwd[0m
passwd file: [1;31m/etc/passwd[0m

[1;34m╔══════════╣ [1;32mAnalyzing kcpassword files
[0m[1;34m╚ [1;34m[3mhttps://book.hacktricks.xyz/macos/macos-security-and-privilege-escalation#kcpassword
[0m[1;31mn[0m

[1;34m╔══════════╣ [1;32mSearching GitLab related files
[0m

[1;34m╔══════════╣ [1;32mAnalyzing Github Files (limit 70)
[0m[1;90m.github Not Found
[0m
[1;90m.gitconfig Not Found
[0m
[1;90m.git-credentials Not Found
[0m
[1;90m.git Not Found
[0m
[1;34m╔══════════╣ [1;32mAnalyzing Svn Files (limit 70)
[0m[1;90m.svn Not Found
[0m
[1;34m╔══════════╣ [1;32mAnalyzing PGP-GPG Files (limit 70)
[0m[1;90mgpg Not Found
[0m[1;90mnetpgpkeys Not Found
[0m[1;90mnetpgp Not Found
[0m[1;90m*.pgp Not Found
[0m
-rw-r--r-- 1 root root 8132 Apr 23  2019 /etc/apt/trusted.gpg.d/debian-archive-buster-automatic[1;31m.gpg[0m
-rw-r--r-- 1 root root 8141 Apr 23  2019 /etc/apt/trusted.gpg.d/debian-archive-buster-security-automatic[1;31m.gpg[0m
-rw-r--r-- 1 root root 2332 Apr 23  2019 /etc/apt/trusted.gpg.d/debian-archive-buster-stable[1;31m.gpg[0m
-rw-r--r-- 1 root root 5106 Apr 23  2019 /etc/apt/trusted.gpg.d/debian-archive-jessie-automatic[1;31m.gpg[0m
-rw-r--r-- 1 root root 5115 Apr 23  2019 /etc/apt/trusted.gpg.d/debian-archive-jessie-security-automatic[1;31m.gpg[0m
-rw-r--r-- 1 root root 2763 Apr 23  2019 /etc/apt/trusted.gpg.d/debian-archive-jessie-stable[1;31m.gpg[0m
-rw-r--r-- 1 root root 7443 Apr 23  2019 /etc/apt/trusted.gpg.d/debian-archive-stretch-automatic[1;31m.gpg[0m
-rw-r--r-- 1 root root 7452 Apr 23  2019 /etc/apt/trusted.gpg.d/debian-archive-stretch-security-automatic[1;31m.gpg[0m
-rw-r--r-- 1 root root 2263 Apr 23  2019 /etc/apt/trusted.gpg.d/debian-archive-stretch-stable[1;31m.gpg[0m
-rw-r--r-- 1 root root 8132 Apr 23  2019 /usr/share/keyrings/debian-archive-buster-automatic[1;31m.gpg[0m
-rw-r--r-- 1 root root 8141 Apr 23  2019 /usr/share/keyrings/debian-archive-buster-security-automatic[1;31m.gpg[0m
-rw-r--r-- 1 root root 2332 Apr 23  2019 /usr/share/keyrings/debian-archive-buster-stable[1;31m.gpg[0m
-rw-r--r-- 1 root root 5106 Apr 23  2019 /usr/share/keyrings/debian-archive-jessie-automatic[1;31m.gpg[0m
-rw-r--r-- 1 root root 5115 Apr 23  2019 /usr/share/keyrings/debian-archive-jessie-security-automatic[1;31m.gpg[0m
-rw-r--r-- 1 root root 2763 Apr 23  2019 /usr/share/keyrings/debian-archive-jessie-stable[1;31m.gpg[0m
-rw-r--r-- 1 root root 48747 Apr 23  2019 /usr/share/keyrings/debian-archive-keyring[1;31m.gpg[0m
-rw-r--r-- 1 root root 23889 Apr 23  2019 /usr/share/keyrings/debian-archive-removed-keys[1;31m.gpg[0m
-rw-r--r-- 1 root root 7443 Apr 23  2019 /usr/share/keyrings/debian-archive-stretch-automatic[1;31m.gpg[0m
-rw-r--r-- 1 root root 7452 Apr 23  2019 /usr/share/keyrings/debian-archive-stretch-security-automatic[1;31m.gpg[0m
-rw-r--r-- 1 root root 2263 Apr 23  2019 /usr/share/keyrings/debian-archive-stretch-stable[1;31m.gpg[0m

[1;90m*.gnupg Not Found
[0m
[1;34m╔══════════╣ [1;32mAnalyzing Cache Vi Files (limit 70)
[0m[1;90m*.swp Not Found
[0m
[1;90m*.viminfo Not Found
[0m
[1;34m╔══════════╣ [1;32mAnalyzing Wget Files (limit 70)
[0m[1;90m.wgetrc Not Found
[0m
[1;34m╔══════════╣ [1;32mChecking if containerd(ctr) is available
[0m[1;34m╚ [1;34m[3mhttps://book.hacktricks.xyz/linux-unix/privilege-escalation/containerd-ctr-privilege-escalation
[0m
[1;34m╔══════════╣ [1;32mChecking if runc is available
[0m[1;34m╚ [1;34m[3mhttps://book.hacktricks.xyz/linux-unix/privilege-escalation/runc-privilege-escalation
[0m
[1;34m╔══════════╣ [1;32mSearching docker files (limit 70)
[0m[1;34m╚ [1;34m[3mhttps://book.hacktricks.xyz/linux-unix/privilege-escalation#writable-docker-socket
[0m
[1;34m╔══════════╣ [1;32mAnalyzing Firefox Files (limit 70)
[0m[1;90m.mozilla Not Found
[0m
[1;90mFirefox Not Found
[0m
[1;34m╔══════════╣ [1;32mAnalyzing Chrome Files (limit 70)
[0m[1;90mgoogle-chrome Not Found
[0m
[1;90mChrome Not Found
[0m
[1;34m╔══════════╣ [1;32mAnalyzing Autologin Files (limit 70)
[0m[1;90mautologin Not Found
[0m
[1;90mautologin.conf Not Found
[0m
[1;34m╔══════════╣ [1;32mS/Key authentication
[0m
[1;34m╔══════════╣ [1;32mYubiKey authentication
[0m
[1;34m╔══════════╣ [1;32mPasswords inside pam.d
[0m
[1;34m╔══════════╣ [1;32mAnalyzing SNMP Files (limit 70)
[0m[1;90msnmpd.conf Not Found
[0m
[1;34m╔══════════╣ [1;32mAnalyzing Pypirc Files (limit 70)
[0m[1;90m.pypirc Not Found
[0m
[1;34m╔══════════╣ [1;32mAnalyzing Postfix Files (limit 70)
[0m[1;90mpostfix Not Found
[0m
[1;34m╔══════════╣ [1;32mAnalyzing Ldaprc Files (limit 70)
[0m[1;90m.ldaprc Not Found
[0m
[1;34m╔══════════╣ [1;32mAnalyzing Env Files (limit 70)
[0m[1;90m.env Not Found
[0m
[1;34m╔══════════╣ [1;32mAnalyzing Msmtprc Files (limit 70)
[0m[1;90m.msmtprc Not Found
[0m
[1;34m╔══════════╣ [1;32mAnalyzing Keepass Files (limit 70)
[0m[1;90m*.kdbx Not Found
[0m
[1;90mKeePass.config* Not Found
[0m
[1;90mKeePass.ini Not Found
[0m
[1;90mKeePass.enforced* Not Found
[0m
[1;34m╔══════════╣ [1;32mAnalyzing FTP Files (limit 70)
[0m[1;90m*.ftpconfig Not Found
[0m
[1;90mffftp.ini Not Found
[0m
[1;90mftp.ini Not Found
[0m
[1;90mftp.config Not Found
[0m
[1;90msites.ini Not Found
[0m
[1;90mwcx_ftp.ini Not Found
[0m
[1;90mwinscp.ini Not Found
[0m
[1;90mws_ftp.ini Not Found
[0m
[1;34m╔══════════╣ [1;32mAnalyzing Racoon Files (limit 70)
[0m[1;90mracoon.conf Not Found
[0m
[1;90mpsk.txt Not Found
[0m
[1;34m╔══════════╣ [1;32mAnalyzing Opera Files (limit 70)
[0m[1;90mcom.operasoftware.Opera Not Found
[0m
[1;34m╔══════════╣ [1;32mAnalyzing Safari Files (limit 70)
[0m[1;90mSafari Not Found
[0m
[1;34m╔══════════╣ [1;32mAnalyzing Bind Files (limit 70)
[0m[1;90mbind Not Found
[0m
[1;34m╔══════════╣ [1;32mAnalyzing SeedDMS Files (limit 70)
[0m[1;90mseeddms* Not Found
[0m
[1;34m╔══════════╣ [1;32mAnalyzing Ddclient Files (limit 70)
[0m[1;90mddclient.conf Not Found
[0m
[1;34m╔══════════╣ [1;32mAnalyzing Sentry Files (limit 70)
[0m[1;90msentry Not Found
[0m
[1;90msentry.conf.py Not Found
[0m
[1;34m╔══════════╣ [1;32mAnalyzing Strapi Files (limit 70)
[0m[1;90menvironments Not Found
[0m
[1;34m╔══════════╣ [1;32mAnalyzing Cacti Files (limit 70)
[0m[1;90mcacti Not Found
[0m
[1;34m╔══════════╣ [1;32mAnalyzing Roundcube Files (limit 70)
[0m[1;90mroundcube Not Found
[0m
[1;34m╔══════════╣ [1;32mAnalyzing Passbolt Files (limit 70)
[0m[1;90mpassbolt.php Not Found
[0m
[1;34m╔══════════╣ [1;32mAnalyzing Interesting logs Files (limit 70)
[0m-rw-r--r-- 1 root root 15389 Oct 18 17:06 /var/log/apache2/[1;31maccess.log[0m

-rw-r--r-- 1 root root 421 Oct 18 16:09 /var/log/apache2/[1;31merror.log[0m

[1;34m╔══════════╣ [1;32mAnalyzing Windows Files Files (limit 70)
[0m[1;90munattend.inf Not Found
[0m
[1;90m*.rdg Not Found
[0m
[1;90mAppEvent.Evt Not Found
[0m
[1;90mConsoleHost_history.txt Not Found
[0m
[1;90mFreeSSHDservice.ini Not Found
[0m
[1;90mNetSetup.log Not Found
[0m
[1;90mNtds.dit Not Found
[0m
[1;90mprotecteduserkey.bin Not Found
[0m
[1;90mRDCMan.settings Not Found
[0m
[1;90mSAM Not Found
[0m
[1;90mSYSTEM Not Found
[0m
[1;90mSecEvent.Evt Not Found
[0m
[1;90mappcmd.exe Not Found
[0m
[1;90mbash.exe Not Found
[0m
[1;90mdatasources.xml Not Found
[0m
[1;90mdefault.sav Not Found
[0m
[1;90mdrives.xml Not Found
[0m
[1;90mgroups.xml Not Found
[0m
[1;90mhttps-xampp.conf Not Found
[0m
[1;90mhttps.conf Not Found
[0m
[1;90miis6.log Not Found
[0m
[1;90mindex.dat Not Found
[0m
[1;90mmy.cnf Not Found
[0m
[1;90mmy.ini Not Found
[0m
[1;90mntuser.dat Not Found
[0m
[1;90mpagefile.sys Not Found
[0m
[1;90mphp.ini Not Found
[0m
[1;90mprinters.xml Not Found
[0m
[1;90mrecentservers.xml Not Found
[0m
[1;90mscclient.exe Not Found
[0m
[1;90mscheduledtasks.xml Not Found
[0m
[1;90msecurity.sav Not Found
[0m
[1;90mserver.xml Not Found
[0m
[1;90msetupinfo Not Found
[0m
[1;90msetupinfo.bak Not Found
[0m
[1;90msitemanager.xml Not Found
[0m
[1;90msites.ini Not Found
[0m
[1;90msoftware Not Found
[0m
[1;90msoftware.sav Not Found
[0m
[1;90msysprep.inf Not Found
[0m
[1;90msysprep.xml Not Found
[0m
[1;90msystem.sav Not Found
[0m
[1;90munattend.txt Not Found
[0m
[1;90munattend.xml Not Found
[0m
[1;90munattended.xml Not Found
[0m
[1;90mwcx_ftp.ini Not Found
[0m
[1;90mws_ftp.ini Not Found
[0m
[1;90mweb*.config Not Found
[0m
[1;90mwinscp.ini Not Found
[0m
[1;90mwsl.exe Not Found
[0m
[1;34m╔══════════╣ [1;32mAnalyzing Other Interesting Files Files (limit 70)
[0m-rw-r--r-- 1 root root 3526 Apr 18  2019 /etc/skel/[1;31m.bashrc[0m
-rw-r--r-- 1 root root 570 Jan 31  2010 /root/[1;31m.bashrc[0m

[1;90m.google_authenticator Not Found
[0m
[1;90mhosts.equiv Not Found
[0m
[1;90m.lesshst Not Found
[0m
[1;90m.plan Not Found
[0m
-rw-r--r-- 1 root root 807 Apr 18  2019 /etc/skel/[1;31m.profile[0m
-rw-r--r-- 1 root root 148 Aug 17  2015 /root/[1;31m.profile[0m

[1;90m.recently-used.xbel Not Found
[0m
[1;90m.rhosts Not Found
[0m
[1;90m.sudo_as_admin_successful Not Found
[0m

[1;34m════════════════════════════════════╣ [1;32mInteresting Files[1;34m ╠════════════════════════════════════
[0m[1;34m╔══════════╣ [1;32mSUID - Check easy privesc, exploits and write perms
[0m[1;34m╚ [1;34m[3mhttps://book.hacktricks.xyz/linux-unix/privilege-escalation#sudo-and-suid
[0m[1;90mstrace Not Found
[0m-rwsr-xr-x 1 root root 51K Jan 10  2019 /bin[1;31m/mount  --->  Apple_Mac_OSX(Lion)_Kernel_xnu-1699.32.7_except_xnu-1699.24.8[0m
-rwsr-xr-x 1 root root 63K Jan 10  2019 /bin[1;32m/su[0m
-rwsr-xr-x 1 root root 35K Jan 10  2019 /bin[1;31m/umount  --->  BSD/Linux(08-1996)[0m
-rwsr-xr-x 1 root root 53K Jul 27  2018 /usr/bin[1;31m/chfn  --->  SuSE_9.3/10[0m
-rwsr-xr-x 1 root root 44K Jul 27  2018 /usr/bin[1;31m/newgrp  --->  HP-UX_10.20[0m
-rwsr-xr-x 1 root root 63K Jul 27  2018 /usr/bin[1;31m/passwd  --->  Apple_Mac_OSX(03-2006)/Solaris_8/9(12-2004)/SPARC_8/9/Sun_Solaris_2.3_to_2.5.1(02-1997)[0m
-rwsr-xr-x 1 root root 44K Jul 27  2018 [1;31m/usr/bin/chsh (Unknown SUID binary)[0m
[3m[3m  --- It looks like [1;31m/usr/bin/chsh[0m[3m is using [1;31m/etc/passwd[0m[3m and you can modify it (strings line: /etc/passwd) (https://tinyurl.com/suidpath)
[3m  --- It looks like [1;31m/usr/bin/chsh[0m[3m is using [1;31m/lib64/ld-linux-x86-64.so.2[0m[3m and you can modify it (strings line: /lib64/ld-linux-x86-64.so.2) (https://tinyurl.com/suidpath)
[3m  --- It looks like [1;31m/usr/bin/chsh[0m[3m is executing [1;31m/usr/share/locale[0m[3m and you can impersonate it (strings line: /usr/share/locale) (https://tinyurl.com/suidpath)
[3m  --- It looks like [1;31m/usr/bin/chsh[0m[3m is executing [1;31mchroot[0m[3m and you can impersonate it (strings line: chroot) (https://tinyurl.com/suidpath)
[3m  --- It looks like [1;31m/usr/bin/chsh[0m[3m is executing [1;31mchsh[0m[3m and you can impersonate it (strings line: chsh) (https://tinyurl.com/suidpath)
[3m  --- It looks like [1;31m/usr/bin/chsh[0m[3m is executing [1;31mpasswd[0m[3m and you can impersonate it (strings line: passwd) (https://tinyurl.com/suidpath)
[3m  --- It looks like [1;31m/usr/bin/chsh[0m[3m is executing [1;31mrealpath[0m[3m and you can impersonate it (strings line: realpath) (https://tinyurl.com/suidpath)
[3m  --- It looks like [1;31m/usr/bin/chsh[0m[3m is executing [1;31mrealpath[0m[3m and you can impersonate it (strings line: realpath in lrename()) (https://tinyurl.com/suidpath)
[3m  --- It looks like [1;31m/usr/bin/chsh[0m[3m is executing [1;31munlink[0m[3m and you can impersonate it (strings line: unlink) (https://tinyurl.com/suidpath)
-rwsr-sr-x 1 root root 43K Feb 28  2019 /usr/bin[1;31;103m/env[0m
-rwsr-xr-x 1 root root 83K Jul 27  2018 /usr/bin[1;32m/gpasswd[0m
-rwsr-xr-x 1 root root 154K Feb  2  2020 /usr/bin[1;31m/sudo  --->  check_if_the_sudo_version_is_vulnerable[0m

[1;34m╔══════════╣ [1;32mSGID
[0m[1;34m╚ [1;34m[3mhttps://book.hacktricks.xyz/linux-unix/privilege-escalation#sudo-and-suid
[0m-rwxr-sr-x 1 root shadow 71K Jul 27  2018 /usr/bin[1;32m/chage[0m
-rwxr-sr-x 1 root tty 35K Jan 10  2019 /usr/bin[1;32m/wall[0m
-rwxr-sr-x 1 root shadow 31K Jul 27  2018 /usr/bin[1;32m/expiry[0m
-rwsr-sr-x 1 root root 43K Feb 28  2019 /usr/bin[1;31;103m/env[0m
-rwxr-sr-x 1 root shadow 39K Feb 14  2019 /sbin[1;32m/unix_chkpwd[0m

[1;34m╔══════════╣ [1;32mChecking misconfigurations of ld.so
[0m[1;34m╚ [1;34m[3mhttps://book.hacktricks.xyz/linux-unix/privilege-escalation#ld-so
[0m[3m/etc/ld.so.conf
[0minclude [1;31;103m/etc/ld.so.conf.d[0m[1;31;103m/[0m*.conf

[1;31;103mYou have write privileges over /etc/ld.so.conf.d/libc.conf[0m
[1;31;103m/etc/ld.so.conf.d/x86_64-linux-gnu.conf[0m
[3m[1;31;103m/etc/ld.so.conf.d[0m
[0m[3m  [1;31;103m/etc/ld.so.conf.d[0m[1;31;103m/lib[0mc.conf
[0m[1;32m[1;31;103m/usr/local/lib[0m[0m
[3m  [1;31;103m/etc/ld.so.conf.d[0m[1;31;103m/[0mx86_64-linux-gnu.conf
[0m[1;32m[1;31;103m/usr/local/lib[0m[1;31;103m/[0mx86_64-linux-gnu[0m
[1;32m[1;31;103m/lib/x86_64-linux-gnu[0m[0m
[1;32m[1;31;103m/usr/lib/x86_64-linux-gnu[0m[0m

[1;34m╔══════════╣ [1;32mCapabilities
[0m[1;34m╚ [1;34m[3mhttps://book.hacktricks.xyz/linux-unix/privilege-escalation#capabilities
[0mCurrent capabilities:
CapInh:	00000000a80425fb
CapPrm:	00000000a80425fb
CapEff:	00000000a80425fb
CapBnd:	00000000a80425fb
[1;32mCapAmb:	0000000000000000[0m

Shell capabilities:
[1;90mcapsh Not Found
[0mCapInh:	00000000a80425fb
CapPrm:	00000000a80425fb
CapEff:	00000000a80425fb
CapBnd:	00000000a80425fb
[1;32mCapAmb:	0000000000000000[0m

Files with capabilities (limited to 50):

[1;34m╔══════════╣ [1;32mUsers with capabilities
[0m[1;34m╚ [1;34m[3mhttps://book.hacktricks.xyz/linux-unix/privilege-escalation#capabilities
[0m[1;90m/etc/security/capability.conf Not Found
[0m
[1;34m╔══════════╣ [1;32mFiles with ACLs (limited to 50)
[0m[1;34m╚ [1;34m[3mhttps://book.hacktricks.xyz/linux-unix/privilege-escalation#acls
[0m[1;90mfiles with acls in searched folders Not Found
[0m
[1;34m╔══════════╣ [1;32m.sh files in path
[0m[1;34m╚ [1;34m[3mhttps://book.hacktricks.xyz/linux-unix/privilege-escalation#script-binaries-in-path
[0m
[1;34m╔══════════╣ [1;32mUnexpected in root
[0m[1;31m/.dockerenv[0m

[1;34m╔══════════╣ [1;32mFiles (scripts) in /etc/profile.d/
[0m[1;34m╚ [1;34m[3mhttps://book.hacktricks.xyz/linux-unix/privilege-escalation#profiles-files
[0mtotal 8
drwxr-xr-x 2 root root 4096 Feb  1  2020 .
drwxr-xr-x 1 root root 4096 Oct 18 16:08 ..

[1;34m╔══════════╣ [1;32mPermissions in init, init.d, systemd, and rc.d
[0m[1;34m╚ [1;34m[3mhttps://book.hacktricks.xyz/linux-unix/privilege-escalation#init-init-d-systemd-and-rc-d
[0m
[1;34m═╣ [1;32mHashes inside passwd file? ........... [0m[1;90mNo
[0m[1;34m═╣ [1;32mWritable passwd file? ................ [0m[1;31;103m/etc/passwd is writable[0m
[1;34m═╣ [1;32mCredentials in fstab/mtab? ........... [0m[1;90mNo
[0m[1;34m═╣ [1;32mCan I read shadow files? ............. [0m[1;31mroot:*:18316:0:99999:7:::[0m
[1;31mdaemon:*:18316:0:99999:7:::[0m
[1;31mbin:*:18316:0:99999:7:::[0m
[1;31msys:*:18316:0:99999:7:::[0m
[1;31msync:*:18316:0:99999:7:::[0m
[1;31mgames:*:18316:0:99999:7:::[0m
[1;31mman:*:18316:0:99999:7:::[0m
[1;31mlp:*:18316:0:99999:7:::[0m
[1;31mmail:*:18316:0:99999:7:::[0m
[1;31mnews:*:18316:0:99999:7:::[0m
[1;31muucp:*:18316:0:99999:7:::[0m
[1;31mproxy:*:18316:0:99999:7:::[0m
[1;31mwww-data:*:18316:0:99999:7:::[0m
[1;31mbackup:*:18316:0:99999:7:::[0m
[1;31mlist:*:18316:0:99999:7:::[0m
[1;31mirc:*:18316:0:99999:7:::[0m
[1;31mgnats:*:18316:0:99999:7:::[0m
[1;31mnobody:*:18316:0:99999:7:::[0m
[1;31m_apt:*:18316:0:99999:7:::[0m
[1;31mroot:*:18316:0:99999:7:::[0m
[1;31mdaemon:*:18316:0:99999:7:::[0m
[1;31mbin:*:18316:0:99999:7:::[0m
[1;31msys:*:18316:0:99999:7:::[0m
[1;31msync:*:18316:0:99999:7:::[0m
[1;31mgames:*:18316:0:99999:7:::[0m
[1;31mman:*:18316:0:99999:7:::[0m
[1;31mlp:*:18316:0:99999:7:::[0m
[1;31mmail:*:18316:0:99999:7:::[0m
[1;31mnews:*:18316:0:99999:7:::[0m
[1;31muucp:*:18316:0:99999:7:::[0m
[1;31mproxy:*:18316:0:99999:7:::[0m
[1;31mwww-data:*:18316:0:99999:7:::[0m
[1;31mbackup:*:18316:0:99999:7:::[0m
[1;31mlist:*:18316:0:99999:7:::[0m
[1;31mirc:*:18316:0:99999:7:::[0m
[1;31mgnats:*:18316:0:99999:7:::[0m
[1;31mnobody:*:18316:0:99999:7:::[0m
[1;31m_apt:*:18316:0:99999:7:::[0m
[1;31mroot:*::[0m
[1;31mdaemon:*::[0m
[1;31mbin:*::[0m
[1;31msys:*::[0m
[1;31madm:*::[0m
[1;31mtty:*::[0m
[1;31mdisk:*::[0m
[1;31mlp:*::[0m
[1;31mmail:*::[0m
[1;31mnews:*::[0m
[1;31muucp:*::[0m
[1;31mman:*::[0m
[1;31mproxy:*::[0m
[1;31mkmem:*::[0m
[1;31mdialout:*::[0m
[1;31mfax:*::[0m
[1;31mvoice:*::[0m
[1;31mcdrom:*::[0m
[1;31mfloppy:*::[0m
[1;31mtape:*::[0m
[1;31msudo:*::[0m
[1;31maudio:*::[0m
[1;31mdip:*::[0m
[1;31mwww-data:*::[0m
[1;31mbackup:*::[0m
[1;31moperator:*::[0m
[1;31mlist:*::[0m
[1;31mirc:*::[0m
[1;31msrc:*::[0m
[1;31mgnats:*::[0m
[1;31mshadow:*::[0m
[1;31mutmp:*::[0m
[1;31mvideo:*::[0m
[1;31msasl:*::[0m
[1;31mplugdev:*::[0m
[1;31mstaff:*::[0m
[1;31mgames:*::[0m
[1;31musers:*::[0m
[1;31mnogroup:*::[0m
[1;34m═╣ [1;32mCan I read shadow plists? ............ [0m[1;90mNo
[0m[1;34m═╣ [1;32mCan I write shadow plists? ........... [0m[1;90mNo
[0m[1;34m═╣ [1;32mCan I read opasswd file? ............. [0m[1;34m═╣ [1;32mCan I write in network-scripts? ...... [0m[1;90mNo
[0m[1;34m═╣ [1;32mCan I read root folder? .............. [0mtotal 20
drwx------ 1 root root 4096 Mar 10  2020 .
drwxr-xr-x 1 root root 4096 Oct 18 16:08 ..
-rw-r--r-- 1 root root  570 Jan 31  2010 .bashrc
-rw-r--r-- 1 root root  148 Aug 17  2015 .profile
-r-------- 1 root root   35 Mar 10  2020 flag3.txt

[1;34m╔══════════╣ [1;32mSearching root files in home dirs (limit 30)
[0m/home/
/[1;31mroot[0m/
/[1;31mroot[0m/.profile
/[1;31mroot[0m/.bashrc
/[1;31mroot[0m/flag3.txt

[1;34m╔══════════╣ [1;32mModified interesting files in the last 5mins (limit 100)
[0m[1;31m/opt/backups[0m/backup.tar
[1;31m/var/log/apache2[0m/access.log
[1;31m/var/www/html[0m/enum.sh

[1;34m╔══════════╣ [1;32mWritable log files (logrotten) (limit 100)
[0m[1;34m╚ [1;34m[3mhttps://book.hacktricks.xyz/linux-unix/privilege-escalation#logrotate-exploitation
[0m[1;90mlogrotate Not Found
[0m
[1;34m╔══════════╣ [1;32mFiles inside /root (limit 20)
[0mtotal 20
drwx------ 1 root root 4096 Mar 10  2020 .
drwxr-xr-x 1 root root 4096 Oct 18 16:08 ..
-rw-r--r-- 1 root root  570 Jan 31  2010 .bashrc
-rw-r--r-- 1 root root  148 Aug 17  2015 .profile
-r-------- 1 root root   35 Mar 10  2020 flag3.txt

[1;34m╔══════════╣ [1;32mFiles inside others home (limit 20)
[0m
[1;34m╔══════════╣ [1;32mSearching installed mail applications
[0m
[1;34m╔══════════╣ [1;32mMails (limit 50)
[0m
[1;34m╔══════════╣ [1;32mBackup folders
[0m
[1;34m╔══════════╣ [1;32mBackup files (limited 100)
[0m-rw-r--r-- 1 root root 2949120 Oct 18 17:07 /opt/[1;31mbackup[0ms/[1;31mbackup[0m.tar
-rwxr--r-- 1 root root 69 Mar 10  2020 /opt/[1;31mbackup[0ms/[1;31mbackup[0m.sh

[1;34m╔══════════╣ [1;32mSearching tables inside readable .db/.sql/.sqlite files (limit 100)
[0m
[1;34m╔══════════╣ [1;32mWeb files?(output limit)
[0m/var/www/:
total 20K
drwxr-xr-x 1 root     root     4.0K Mar 10  2020 .
drwxr-xr-x 1 root     root     4.0K Feb 26  2020 ..
-rw-r--r-- 1 root     root       23 Mar 10  2020 flag2_QMW7JvaY2LvK.txt
drwxrwxrwx 4 www-data www-data 4.0K Oct 18 17:07 html

/var/www/html:
total 604K
drwxrwxrwx 4 www-data www-data 4.0K Oct 18 17:07 .

[1;34m╔══════════╣ [1;32mAll hidden files (not in /sys/ or the ones listed in the previous check) (limit 70)
[0m-rw-r--r-- 1 root root 220 Apr 18  2019 /etc/skel/.bash_logout
-rw------- 1 root root 0 Feb 24  2020 /etc/.pwd.lock
-rw-r--r-- 1 root root 0 Feb 26  2020 /usr/local/lib/php/.lock
-rw-r--r-- 1 root root 6961 Feb 26  2020 /usr/local/lib/php/.filemap

[1;34m╔══════════╣ [1;32mReadable files inside /tmp, /var/tmp, /private/tmp, /private/var/at/tmp, /private/var/tmp, and backup folders (limit 70)
[0m-rw-r--r-- 1 root root 2949120 Oct 18 17:07 /opt/backups/backup.tar
-rwxr--r-- 1 root root 69 Mar 10  2020 /opt/backups/backup.sh

[1;34m╔══════════╣ [1;32mSearching passwords in config PHP files
[0m
[1;34m╔══════════╣ [1;32mChecking for TTY (sudo/su) passwords in audit logs
[0m
[1;34m╔══════════╣ [1;32mFinding IPs inside logs (limit 70)
[0m     54 0.19.8.1
     35 10.9.180.40
      6 10.10.78.42

[1;34m╔══════════╣ [1;32mFinding passwords inside logs (limit 70)
[0m
[1;34m╔══════════╣ [1;32mFinding emails inside logs (limit 70)
[0m
[1;34m╔══════════╣ [1;32mFinding *password* or *credential* files in home (limit 70)
[0m/etc/pam.d/common-[1;31mpassword[0m
/usr/local/include/php/ext/standard/php_[1;31mpassword[0m.h
/usr/share/pam/common-[1;31mpassword[0m
/usr/share/pam/common-[1;31mpassword[0m.md5sums
/var/cache/debconf/[1;31mpassword[0ms.dat
/var/lib/pam/[1;31mpassword[0m

[1;34m╔══════════╣ [1;32mFinding passwords inside key folders (limit 70) - only PHP files
[0m
[1;34m╔══════════╣ [1;32mFinding passwords inside key folders (limit 70) - no PHP files
[0m/etc/apache2/sites-available/default-ssl.conf:		#	 file needs this [1;31mpassw[0mord: `xxj31ZMTZzkVA'.
/etc/debconf.conf:#Bind[1;31mPassw[0md: secret
/etc/nsswitch.conf:[1;31mpassw[0md:         files
/etc/pam.d/common-[1;31mpassw[0mord:[1;31mpassw[0mord	[success=1 default=ignore]	pam_unix.so obscure sha512
/etc/security/namespace.init:                gid=$(echo "$[1;31mpassw[0md" | cut -f4 -d":")
/etc/security/namespace.init:        homedir=$(echo "$[1;31mpassw[0md" | cut -f6 -d":")
/etc/security/namespace.init:        [1;31mpassw[0md=$(getent [1;31mpassw[0md "$user")
/etc/ssl/openssl.cnf:# input_[1;31mpassw[0mord = secret
/etc/ssl/openssl.cnf:# output_[1;31mpassw[0mord = secret
/etc/ssl/openssl.cnf:challenge[1;31mPassw[0mord		= A challenge [1;31mpassw[0mord
/etc/ssl/openssl.cnf:challenge[1;31mPassw[0mord_max		= 20
/etc/ssl/openssl.cnf:challenge[1;31mPassw[0mord_min		= 4
/etc/sudoers:www-data ALL = NO[1;31mPASSW[0mD: /usr/bin/env
/var/www/html/enum.sh:      SHELLUSERS=$(cat /etc/[1;31mpassw[0md 2>/dev/null | grep -i "sh$" | cut -d ":" -f 1)
/var/www/html/enum.sh:      echo "[1;31mpassw[0md file: $f" | sed "s,$f,${SED_RED},"
/var/www/html/enum.sh:    P)  [1;31mPASSW[0mORD=$OPTARG;;
/var/www/html/enum.sh:    echo "  You can login as $BFUSER using [1;31mpassw[0mord: $[1;31mPASSW[0mORDTRY" | sed -${E} "s,.*,${SED_RED_YELLOW},"
/var/www/html/enum.sh:    no_shells=$(grep -Ev "sh$" /etc/[1;31mpassw[0md 2>/dev/null | cut -d ':' -f 7 | sort | uniq)
/var/www/html/enum.sh:    print_2title "Testing 'su' as other users with shell using as [1;31mpassw[0mords: null [1;31mpwd[0m, the username and top2000[1;31mpwd[0ms\n"$NC
/var/www/html/enum.sh:  [1;31mPASSW[0mORDTRY=$2
/var/www/html/enum.sh:  grep -Ri "[1;31mpassw[0md" /etc/pam.d/ 2>/dev/null | grep -v ":#" | sed "s,[1;31mpassw[0md,${SED_RED},"
/var/www/html/enum.sh:[1;31mPASSW[0mORD=""
/var/www/html/enum.sh:processesDump="gdm-[1;31mpassw[0mord|gnome-keyring-daemon|lightdm|vsftpd|apache2|sshd:"

[1;34m╔══════════╣ [1;32mFinding possible password variables inside key folders (limit 140)
[0m
[1;34m╔══════════╣ [1;32mFinding possible password in config files
[0m
[1;34m╔══════════╣ [1;32mFinding 'username' string inside key folders (limit 70)
[0m
[1;34m╔══════════╣ [1;32mSearching specific hashes inside files - less false positives (limit 70)
[0m
